[2024-07-24T09:43:38.564+0000] {processor.py:161} INFO - Started process (PID=60) to work on /opt/airflow/dags/welcome_dag.py
[2024-07-24T09:43:38.564+0000] {processor.py:830} INFO - Processing file /opt/airflow/dags/welcome_dag.py for tasks to queue
[2024-07-24T09:43:38.565+0000] {logging_mixin.py:188} INFO - [2024-07-24T09:43:38.565+0000] {dagbag.py:545} INFO - Filling up the DagBag from /opt/airflow/dags/welcome_dag.py
[2024-07-24T09:43:38.572+0000] {processor.py:840} INFO - DAG(s) 'welcome_ais_dag' retrieved from /opt/airflow/dags/welcome_dag.py
[2024-07-24T09:43:38.576+0000] {logging_mixin.py:188} INFO - [2024-07-24T09:43:38.576+0000] {dag.py:3089} INFO - Sync 1 DAGs
[2024-07-24T09:43:38.585+0000] {logging_mixin.py:188} INFO - [2024-07-24T09:43:38.584+0000] {dag.py:3947} INFO - Setting next_dagrun for welcome_ais_dag to 2024-07-23 11:00:00+00:00, run_after=2024-07-24 11:00:00+00:00
[2024-07-24T09:43:38.594+0000] {processor.py:183} INFO - Processing /opt/airflow/dags/welcome_dag.py took 0.032 seconds
[2024-07-24T09:44:08.703+0000] {processor.py:161} INFO - Started process (PID=83) to work on /opt/airflow/dags/welcome_dag.py
[2024-07-24T09:44:08.704+0000] {processor.py:830} INFO - Processing file /opt/airflow/dags/welcome_dag.py for tasks to queue
[2024-07-24T09:44:08.705+0000] {logging_mixin.py:188} INFO - [2024-07-24T09:44:08.705+0000] {dagbag.py:545} INFO - Filling up the DagBag from /opt/airflow/dags/welcome_dag.py
[2024-07-24T09:44:08.717+0000] {processor.py:840} INFO - DAG(s) 'welcome_ais_dag' retrieved from /opt/airflow/dags/welcome_dag.py
[2024-07-24T09:44:08.763+0000] {logging_mixin.py:188} INFO - [2024-07-24T09:44:08.762+0000] {dag.py:3089} INFO - Sync 1 DAGs
[2024-07-24T09:44:08.770+0000] {logging_mixin.py:188} INFO - [2024-07-24T09:44:08.770+0000] {dag.py:3947} INFO - Setting next_dagrun for welcome_ais_dag to 2024-07-23 11:00:00+00:00, run_after=2024-07-24 11:00:00+00:00
[2024-07-24T09:44:08.780+0000] {processor.py:183} INFO - Processing /opt/airflow/dags/welcome_dag.py took 0.081 seconds
[2024-07-24T09:44:39.138+0000] {processor.py:161} INFO - Started process (PID=84) to work on /opt/airflow/dags/welcome_dag.py
[2024-07-24T09:44:39.139+0000] {processor.py:830} INFO - Processing file /opt/airflow/dags/welcome_dag.py for tasks to queue
[2024-07-24T09:44:39.141+0000] {logging_mixin.py:188} INFO - [2024-07-24T09:44:39.141+0000] {dagbag.py:545} INFO - Filling up the DagBag from /opt/airflow/dags/welcome_dag.py
[2024-07-24T09:44:39.153+0000] {processor.py:840} INFO - DAG(s) 'welcome_ais_dag' retrieved from /opt/airflow/dags/welcome_dag.py
[2024-07-24T09:44:39.168+0000] {logging_mixin.py:188} INFO - [2024-07-24T09:44:39.167+0000] {dag.py:3089} INFO - Sync 1 DAGs
[2024-07-24T09:44:39.178+0000] {logging_mixin.py:188} INFO - [2024-07-24T09:44:39.178+0000] {dag.py:3947} INFO - Setting next_dagrun for welcome_ais_dag to 2024-07-23 11:00:00+00:00, run_after=2024-07-24 11:00:00+00:00
[2024-07-24T09:44:39.188+0000] {processor.py:183} INFO - Processing /opt/airflow/dags/welcome_dag.py took 0.054 seconds
[2024-07-24T09:45:09.561+0000] {processor.py:161} INFO - Started process (PID=85) to work on /opt/airflow/dags/welcome_dag.py
[2024-07-24T09:45:09.562+0000] {processor.py:830} INFO - Processing file /opt/airflow/dags/welcome_dag.py for tasks to queue
[2024-07-24T09:45:09.565+0000] {logging_mixin.py:188} INFO - [2024-07-24T09:45:09.564+0000] {dagbag.py:545} INFO - Filling up the DagBag from /opt/airflow/dags/welcome_dag.py
[2024-07-24T09:45:09.581+0000] {processor.py:840} INFO - DAG(s) 'welcome_ais_dag' retrieved from /opt/airflow/dags/welcome_dag.py
[2024-07-24T09:45:09.598+0000] {logging_mixin.py:188} INFO - [2024-07-24T09:45:09.598+0000] {dag.py:3089} INFO - Sync 1 DAGs
[2024-07-24T09:45:09.608+0000] {logging_mixin.py:188} INFO - [2024-07-24T09:45:09.608+0000] {dag.py:3947} INFO - Setting next_dagrun for welcome_ais_dag to 2024-07-23 11:00:00+00:00, run_after=2024-07-24 11:00:00+00:00
[2024-07-24T09:45:09.618+0000] {processor.py:183} INFO - Processing /opt/airflow/dags/welcome_dag.py took 0.064 seconds
[2024-07-24T09:45:39.972+0000] {processor.py:161} INFO - Started process (PID=86) to work on /opt/airflow/dags/welcome_dag.py
[2024-07-24T09:45:39.973+0000] {processor.py:830} INFO - Processing file /opt/airflow/dags/welcome_dag.py for tasks to queue
[2024-07-24T09:45:39.975+0000] {logging_mixin.py:188} INFO - [2024-07-24T09:45:39.974+0000] {dagbag.py:545} INFO - Filling up the DagBag from /opt/airflow/dags/welcome_dag.py
[2024-07-24T09:45:39.986+0000] {processor.py:840} INFO - DAG(s) 'welcome_ais_dag' retrieved from /opt/airflow/dags/welcome_dag.py
[2024-07-24T09:45:40.001+0000] {logging_mixin.py:188} INFO - [2024-07-24T09:45:40.001+0000] {dag.py:3089} INFO - Sync 1 DAGs
[2024-07-24T09:45:40.011+0000] {logging_mixin.py:188} INFO - [2024-07-24T09:45:40.010+0000] {dag.py:3947} INFO - Setting next_dagrun for welcome_ais_dag to 2024-07-23 11:00:00+00:00, run_after=2024-07-24 11:00:00+00:00
[2024-07-24T09:45:40.021+0000] {processor.py:183} INFO - Processing /opt/airflow/dags/welcome_dag.py took 0.054 seconds
[2024-07-24T09:46:10.243+0000] {processor.py:161} INFO - Started process (PID=87) to work on /opt/airflow/dags/welcome_dag.py
[2024-07-24T09:46:10.244+0000] {processor.py:830} INFO - Processing file /opt/airflow/dags/welcome_dag.py for tasks to queue
[2024-07-24T09:46:10.245+0000] {logging_mixin.py:188} INFO - [2024-07-24T09:46:10.245+0000] {dagbag.py:545} INFO - Filling up the DagBag from /opt/airflow/dags/welcome_dag.py
[2024-07-24T09:46:10.255+0000] {processor.py:840} INFO - DAG(s) 'welcome_ais_dag' retrieved from /opt/airflow/dags/welcome_dag.py
[2024-07-24T09:46:10.268+0000] {logging_mixin.py:188} INFO - [2024-07-24T09:46:10.268+0000] {dag.py:3089} INFO - Sync 1 DAGs
[2024-07-24T09:46:10.277+0000] {logging_mixin.py:188} INFO - [2024-07-24T09:46:10.277+0000] {dag.py:3947} INFO - Setting next_dagrun for welcome_ais_dag to 2024-07-23 11:00:00+00:00, run_after=2024-07-24 11:00:00+00:00
[2024-07-24T09:46:10.286+0000] {processor.py:183} INFO - Processing /opt/airflow/dags/welcome_dag.py took 0.047 seconds
[2024-07-24T09:46:40.384+0000] {processor.py:161} INFO - Started process (PID=88) to work on /opt/airflow/dags/welcome_dag.py
[2024-07-24T09:46:40.385+0000] {processor.py:830} INFO - Processing file /opt/airflow/dags/welcome_dag.py for tasks to queue
[2024-07-24T09:46:40.386+0000] {logging_mixin.py:188} INFO - [2024-07-24T09:46:40.386+0000] {dagbag.py:545} INFO - Filling up the DagBag from /opt/airflow/dags/welcome_dag.py
[2024-07-24T09:46:40.397+0000] {processor.py:840} INFO - DAG(s) 'welcome_ais_dag' retrieved from /opt/airflow/dags/welcome_dag.py
[2024-07-24T09:46:40.411+0000] {logging_mixin.py:188} INFO - [2024-07-24T09:46:40.411+0000] {dag.py:3089} INFO - Sync 1 DAGs
[2024-07-24T09:46:40.420+0000] {logging_mixin.py:188} INFO - [2024-07-24T09:46:40.420+0000] {dag.py:3947} INFO - Setting next_dagrun for welcome_ais_dag to 2024-07-23 11:00:00+00:00, run_after=2024-07-24 11:00:00+00:00
[2024-07-24T09:46:40.431+0000] {processor.py:183} INFO - Processing /opt/airflow/dags/welcome_dag.py took 0.052 seconds
[2024-07-24T09:47:10.529+0000] {processor.py:161} INFO - Started process (PID=89) to work on /opt/airflow/dags/welcome_dag.py
[2024-07-24T09:47:10.530+0000] {processor.py:830} INFO - Processing file /opt/airflow/dags/welcome_dag.py for tasks to queue
[2024-07-24T09:47:10.531+0000] {logging_mixin.py:188} INFO - [2024-07-24T09:47:10.531+0000] {dagbag.py:545} INFO - Filling up the DagBag from /opt/airflow/dags/welcome_dag.py
[2024-07-24T09:47:10.542+0000] {processor.py:840} INFO - DAG(s) 'welcome_ais_dag' retrieved from /opt/airflow/dags/welcome_dag.py
[2024-07-24T09:47:10.556+0000] {logging_mixin.py:188} INFO - [2024-07-24T09:47:10.556+0000] {dag.py:3089} INFO - Sync 1 DAGs
[2024-07-24T09:47:10.565+0000] {logging_mixin.py:188} INFO - [2024-07-24T09:47:10.565+0000] {dag.py:3947} INFO - Setting next_dagrun for welcome_ais_dag to 2024-07-23 11:00:00+00:00, run_after=2024-07-24 11:00:00+00:00
[2024-07-24T09:47:10.576+0000] {processor.py:183} INFO - Processing /opt/airflow/dags/welcome_dag.py took 0.050 seconds
[2024-07-24T09:47:40.675+0000] {processor.py:161} INFO - Started process (PID=90) to work on /opt/airflow/dags/welcome_dag.py
[2024-07-24T09:47:40.676+0000] {processor.py:830} INFO - Processing file /opt/airflow/dags/welcome_dag.py for tasks to queue
[2024-07-24T09:47:40.677+0000] {logging_mixin.py:188} INFO - [2024-07-24T09:47:40.677+0000] {dagbag.py:545} INFO - Filling up the DagBag from /opt/airflow/dags/welcome_dag.py
[2024-07-24T09:47:40.688+0000] {processor.py:840} INFO - DAG(s) 'welcome_ais_dag' retrieved from /opt/airflow/dags/welcome_dag.py
[2024-07-24T09:47:40.702+0000] {logging_mixin.py:188} INFO - [2024-07-24T09:47:40.702+0000] {dag.py:3089} INFO - Sync 1 DAGs
[2024-07-24T09:47:40.711+0000] {logging_mixin.py:188} INFO - [2024-07-24T09:47:40.711+0000] {dag.py:3947} INFO - Setting next_dagrun for welcome_ais_dag to 2024-07-23 11:00:00+00:00, run_after=2024-07-24 11:00:00+00:00
[2024-07-24T09:47:40.722+0000] {processor.py:183} INFO - Processing /opt/airflow/dags/welcome_dag.py took 0.051 seconds
[2024-07-24T09:48:10.817+0000] {processor.py:161} INFO - Started process (PID=91) to work on /opt/airflow/dags/welcome_dag.py
[2024-07-24T09:48:10.818+0000] {processor.py:830} INFO - Processing file /opt/airflow/dags/welcome_dag.py for tasks to queue
[2024-07-24T09:48:10.819+0000] {logging_mixin.py:188} INFO - [2024-07-24T09:48:10.819+0000] {dagbag.py:545} INFO - Filling up the DagBag from /opt/airflow/dags/welcome_dag.py
[2024-07-24T09:48:10.831+0000] {processor.py:840} INFO - DAG(s) 'welcome_ais_dag' retrieved from /opt/airflow/dags/welcome_dag.py
[2024-07-24T09:48:10.846+0000] {logging_mixin.py:188} INFO - [2024-07-24T09:48:10.846+0000] {dag.py:3089} INFO - Sync 1 DAGs
[2024-07-24T09:48:10.855+0000] {logging_mixin.py:188} INFO - [2024-07-24T09:48:10.855+0000] {dag.py:3947} INFO - Setting next_dagrun for welcome_ais_dag to 2024-07-23 11:00:00+00:00, run_after=2024-07-24 11:00:00+00:00
[2024-07-24T09:48:10.865+0000] {processor.py:183} INFO - Processing /opt/airflow/dags/welcome_dag.py took 0.057 seconds
[2024-07-24T09:48:40.962+0000] {processor.py:161} INFO - Started process (PID=92) to work on /opt/airflow/dags/welcome_dag.py
[2024-07-24T09:48:40.963+0000] {processor.py:830} INFO - Processing file /opt/airflow/dags/welcome_dag.py for tasks to queue
[2024-07-24T09:48:40.965+0000] {logging_mixin.py:188} INFO - [2024-07-24T09:48:40.965+0000] {dagbag.py:545} INFO - Filling up the DagBag from /opt/airflow/dags/welcome_dag.py
[2024-07-24T09:48:40.976+0000] {processor.py:840} INFO - DAG(s) 'welcome_ais_dag' retrieved from /opt/airflow/dags/welcome_dag.py
[2024-07-24T09:48:40.990+0000] {logging_mixin.py:188} INFO - [2024-07-24T09:48:40.990+0000] {dag.py:3089} INFO - Sync 1 DAGs
[2024-07-24T09:48:40.999+0000] {logging_mixin.py:188} INFO - [2024-07-24T09:48:40.999+0000] {dag.py:3947} INFO - Setting next_dagrun for welcome_ais_dag to 2024-07-23 11:00:00+00:00, run_after=2024-07-24 11:00:00+00:00
[2024-07-24T09:48:41.009+0000] {processor.py:183} INFO - Processing /opt/airflow/dags/welcome_dag.py took 0.053 seconds
[2024-07-24T09:49:11.107+0000] {processor.py:161} INFO - Started process (PID=93) to work on /opt/airflow/dags/welcome_dag.py
[2024-07-24T09:49:11.108+0000] {processor.py:830} INFO - Processing file /opt/airflow/dags/welcome_dag.py for tasks to queue
[2024-07-24T09:49:11.110+0000] {logging_mixin.py:188} INFO - [2024-07-24T09:49:11.109+0000] {dagbag.py:545} INFO - Filling up the DagBag from /opt/airflow/dags/welcome_dag.py
[2024-07-24T09:49:11.123+0000] {processor.py:840} INFO - DAG(s) 'welcome_ais_dag' retrieved from /opt/airflow/dags/welcome_dag.py
[2024-07-24T09:49:11.140+0000] {logging_mixin.py:188} INFO - [2024-07-24T09:49:11.140+0000] {dag.py:3089} INFO - Sync 1 DAGs
[2024-07-24T09:49:11.149+0000] {logging_mixin.py:188} INFO - [2024-07-24T09:49:11.149+0000] {dag.py:3947} INFO - Setting next_dagrun for welcome_ais_dag to 2024-07-23 11:00:00+00:00, run_after=2024-07-24 11:00:00+00:00
[2024-07-24T09:49:11.159+0000] {processor.py:183} INFO - Processing /opt/airflow/dags/welcome_dag.py took 0.057 seconds
[2024-07-24T09:49:41.248+0000] {processor.py:161} INFO - Started process (PID=94) to work on /opt/airflow/dags/welcome_dag.py
[2024-07-24T09:49:41.249+0000] {processor.py:830} INFO - Processing file /opt/airflow/dags/welcome_dag.py for tasks to queue
[2024-07-24T09:49:41.251+0000] {logging_mixin.py:188} INFO - [2024-07-24T09:49:41.251+0000] {dagbag.py:545} INFO - Filling up the DagBag from /opt/airflow/dags/welcome_dag.py
[2024-07-24T09:49:41.263+0000] {processor.py:840} INFO - DAG(s) 'welcome_ais_dag' retrieved from /opt/airflow/dags/welcome_dag.py
[2024-07-24T09:49:41.278+0000] {logging_mixin.py:188} INFO - [2024-07-24T09:49:41.278+0000] {dag.py:3089} INFO - Sync 1 DAGs
[2024-07-24T09:49:41.287+0000] {logging_mixin.py:188} INFO - [2024-07-24T09:49:41.287+0000] {dag.py:3947} INFO - Setting next_dagrun for welcome_ais_dag to 2024-07-23 11:00:00+00:00, run_after=2024-07-24 11:00:00+00:00
[2024-07-24T09:49:41.299+0000] {processor.py:183} INFO - Processing /opt/airflow/dags/welcome_dag.py took 0.056 seconds
[2024-07-24T09:50:11.399+0000] {processor.py:161} INFO - Started process (PID=95) to work on /opt/airflow/dags/welcome_dag.py
[2024-07-24T09:50:11.400+0000] {processor.py:830} INFO - Processing file /opt/airflow/dags/welcome_dag.py for tasks to queue
[2024-07-24T09:50:11.403+0000] {logging_mixin.py:188} INFO - [2024-07-24T09:50:11.402+0000] {dagbag.py:545} INFO - Filling up the DagBag from /opt/airflow/dags/welcome_dag.py
[2024-07-24T09:50:11.419+0000] {processor.py:840} INFO - DAG(s) 'welcome_ais_dag' retrieved from /opt/airflow/dags/welcome_dag.py
[2024-07-24T09:50:11.434+0000] {logging_mixin.py:188} INFO - [2024-07-24T09:50:11.434+0000] {dag.py:3089} INFO - Sync 1 DAGs
[2024-07-24T09:50:11.444+0000] {logging_mixin.py:188} INFO - [2024-07-24T09:50:11.444+0000] {dag.py:3947} INFO - Setting next_dagrun for welcome_ais_dag to 2024-07-23 11:00:00+00:00, run_after=2024-07-24 11:00:00+00:00
[2024-07-24T09:50:11.454+0000] {processor.py:183} INFO - Processing /opt/airflow/dags/welcome_dag.py took 0.062 seconds
[2024-07-24T09:50:41.534+0000] {processor.py:161} INFO - Started process (PID=96) to work on /opt/airflow/dags/welcome_dag.py
[2024-07-24T09:50:41.534+0000] {processor.py:830} INFO - Processing file /opt/airflow/dags/welcome_dag.py for tasks to queue
[2024-07-24T09:50:41.536+0000] {logging_mixin.py:188} INFO - [2024-07-24T09:50:41.536+0000] {dagbag.py:545} INFO - Filling up the DagBag from /opt/airflow/dags/welcome_dag.py
[2024-07-24T09:50:41.554+0000] {processor.py:840} INFO - DAG(s) 'welcome_ais_dag' retrieved from /opt/airflow/dags/welcome_dag.py
[2024-07-24T09:50:41.571+0000] {logging_mixin.py:188} INFO - [2024-07-24T09:50:41.570+0000] {dag.py:3089} INFO - Sync 1 DAGs
[2024-07-24T09:50:41.579+0000] {logging_mixin.py:188} INFO - [2024-07-24T09:50:41.578+0000] {dag.py:3947} INFO - Setting next_dagrun for welcome_ais_dag to 2024-07-23 11:00:00+00:00, run_after=2024-07-24 11:00:00+00:00
[2024-07-24T09:50:41.589+0000] {processor.py:183} INFO - Processing /opt/airflow/dags/welcome_dag.py took 0.059 seconds
[2024-07-24T09:51:11.662+0000] {processor.py:161} INFO - Started process (PID=97) to work on /opt/airflow/dags/welcome_dag.py
[2024-07-24T09:51:11.663+0000] {processor.py:830} INFO - Processing file /opt/airflow/dags/welcome_dag.py for tasks to queue
[2024-07-24T09:51:11.665+0000] {logging_mixin.py:188} INFO - [2024-07-24T09:51:11.665+0000] {dagbag.py:545} INFO - Filling up the DagBag from /opt/airflow/dags/welcome_dag.py
[2024-07-24T09:51:11.677+0000] {processor.py:840} INFO - DAG(s) 'welcome_ais_dag' retrieved from /opt/airflow/dags/welcome_dag.py
[2024-07-24T09:51:11.691+0000] {logging_mixin.py:188} INFO - [2024-07-24T09:51:11.691+0000] {dag.py:3089} INFO - Sync 1 DAGs
[2024-07-24T09:51:11.700+0000] {logging_mixin.py:188} INFO - [2024-07-24T09:51:11.699+0000] {dag.py:3947} INFO - Setting next_dagrun for welcome_ais_dag to 2024-07-23 11:00:00+00:00, run_after=2024-07-24 11:00:00+00:00
[2024-07-24T09:51:11.710+0000] {processor.py:183} INFO - Processing /opt/airflow/dags/welcome_dag.py took 0.053 seconds
[2024-07-24T09:51:41.798+0000] {processor.py:161} INFO - Started process (PID=98) to work on /opt/airflow/dags/welcome_dag.py
[2024-07-24T09:51:41.799+0000] {processor.py:830} INFO - Processing file /opt/airflow/dags/welcome_dag.py for tasks to queue
[2024-07-24T09:51:41.800+0000] {logging_mixin.py:188} INFO - [2024-07-24T09:51:41.800+0000] {dagbag.py:545} INFO - Filling up the DagBag from /opt/airflow/dags/welcome_dag.py
[2024-07-24T09:51:41.811+0000] {processor.py:840} INFO - DAG(s) 'welcome_ais_dag' retrieved from /opt/airflow/dags/welcome_dag.py
[2024-07-24T09:51:41.827+0000] {logging_mixin.py:188} INFO - [2024-07-24T09:51:41.827+0000] {dag.py:3089} INFO - Sync 1 DAGs
[2024-07-24T09:51:41.837+0000] {logging_mixin.py:188} INFO - [2024-07-24T09:51:41.837+0000] {dag.py:3947} INFO - Setting next_dagrun for welcome_ais_dag to 2024-07-23 11:00:00+00:00, run_after=2024-07-24 11:00:00+00:00
[2024-07-24T09:51:41.849+0000] {processor.py:183} INFO - Processing /opt/airflow/dags/welcome_dag.py took 0.057 seconds
[2024-07-24T09:52:11.941+0000] {processor.py:161} INFO - Started process (PID=99) to work on /opt/airflow/dags/welcome_dag.py
[2024-07-24T09:52:11.942+0000] {processor.py:830} INFO - Processing file /opt/airflow/dags/welcome_dag.py for tasks to queue
[2024-07-24T09:52:11.943+0000] {logging_mixin.py:188} INFO - [2024-07-24T09:52:11.942+0000] {dagbag.py:545} INFO - Filling up the DagBag from /opt/airflow/dags/welcome_dag.py
[2024-07-24T09:52:11.951+0000] {processor.py:840} INFO - DAG(s) 'welcome_ais_dag' retrieved from /opt/airflow/dags/welcome_dag.py
[2024-07-24T09:52:11.962+0000] {logging_mixin.py:188} INFO - [2024-07-24T09:52:11.962+0000] {dag.py:3089} INFO - Sync 1 DAGs
[2024-07-24T09:52:11.970+0000] {logging_mixin.py:188} INFO - [2024-07-24T09:52:11.970+0000] {dag.py:3947} INFO - Setting next_dagrun for welcome_ais_dag to 2024-07-23 11:00:00+00:00, run_after=2024-07-24 11:00:00+00:00
[2024-07-24T09:52:11.982+0000] {processor.py:183} INFO - Processing /opt/airflow/dags/welcome_dag.py took 0.044 seconds
[2024-07-24T09:52:42.102+0000] {processor.py:161} INFO - Started process (PID=100) to work on /opt/airflow/dags/welcome_dag.py
[2024-07-24T09:52:42.103+0000] {processor.py:830} INFO - Processing file /opt/airflow/dags/welcome_dag.py for tasks to queue
[2024-07-24T09:52:42.105+0000] {logging_mixin.py:188} INFO - [2024-07-24T09:52:42.105+0000] {dagbag.py:545} INFO - Filling up the DagBag from /opt/airflow/dags/welcome_dag.py
[2024-07-24T09:52:42.119+0000] {processor.py:840} INFO - DAG(s) 'welcome_ais_dag' retrieved from /opt/airflow/dags/welcome_dag.py
[2024-07-24T09:52:42.133+0000] {logging_mixin.py:188} INFO - [2024-07-24T09:52:42.133+0000] {dag.py:3089} INFO - Sync 1 DAGs
[2024-07-24T09:52:42.143+0000] {logging_mixin.py:188} INFO - [2024-07-24T09:52:42.143+0000] {dag.py:3947} INFO - Setting next_dagrun for welcome_ais_dag to 2024-07-23 11:00:00+00:00, run_after=2024-07-24 11:00:00+00:00
[2024-07-24T09:52:42.154+0000] {processor.py:183} INFO - Processing /opt/airflow/dags/welcome_dag.py took 0.059 seconds
[2024-07-24T09:53:12.246+0000] {processor.py:161} INFO - Started process (PID=101) to work on /opt/airflow/dags/welcome_dag.py
[2024-07-24T09:53:12.247+0000] {processor.py:830} INFO - Processing file /opt/airflow/dags/welcome_dag.py for tasks to queue
[2024-07-24T09:53:12.249+0000] {logging_mixin.py:188} INFO - [2024-07-24T09:53:12.248+0000] {dagbag.py:545} INFO - Filling up the DagBag from /opt/airflow/dags/welcome_dag.py
[2024-07-24T09:53:12.260+0000] {processor.py:840} INFO - DAG(s) 'welcome_ais_dag' retrieved from /opt/airflow/dags/welcome_dag.py
[2024-07-24T09:53:12.275+0000] {logging_mixin.py:188} INFO - [2024-07-24T09:53:12.275+0000] {dag.py:3089} INFO - Sync 1 DAGs
[2024-07-24T09:53:12.286+0000] {logging_mixin.py:188} INFO - [2024-07-24T09:53:12.285+0000] {dag.py:3947} INFO - Setting next_dagrun for welcome_ais_dag to 2024-07-23 11:00:00+00:00, run_after=2024-07-24 11:00:00+00:00
[2024-07-24T09:53:12.297+0000] {processor.py:183} INFO - Processing /opt/airflow/dags/welcome_dag.py took 0.055 seconds
[2024-07-24T09:53:42.404+0000] {processor.py:161} INFO - Started process (PID=102) to work on /opt/airflow/dags/welcome_dag.py
[2024-07-24T09:53:42.405+0000] {processor.py:830} INFO - Processing file /opt/airflow/dags/welcome_dag.py for tasks to queue
[2024-07-24T09:53:42.408+0000] {logging_mixin.py:188} INFO - [2024-07-24T09:53:42.407+0000] {dagbag.py:545} INFO - Filling up the DagBag from /opt/airflow/dags/welcome_dag.py
[2024-07-24T09:53:42.421+0000] {processor.py:840} INFO - DAG(s) 'welcome_ais_dag' retrieved from /opt/airflow/dags/welcome_dag.py
[2024-07-24T09:53:42.434+0000] {logging_mixin.py:188} INFO - [2024-07-24T09:53:42.434+0000] {dag.py:3089} INFO - Sync 1 DAGs
[2024-07-24T09:53:42.444+0000] {logging_mixin.py:188} INFO - [2024-07-24T09:53:42.444+0000] {dag.py:3947} INFO - Setting next_dagrun for welcome_ais_dag to 2024-07-23 11:00:00+00:00, run_after=2024-07-24 11:00:00+00:00
[2024-07-24T09:53:42.454+0000] {processor.py:183} INFO - Processing /opt/airflow/dags/welcome_dag.py took 0.057 seconds
[2024-07-24T09:54:12.546+0000] {processor.py:161} INFO - Started process (PID=103) to work on /opt/airflow/dags/welcome_dag.py
[2024-07-24T09:54:12.547+0000] {processor.py:830} INFO - Processing file /opt/airflow/dags/welcome_dag.py for tasks to queue
[2024-07-24T09:54:12.548+0000] {logging_mixin.py:188} INFO - [2024-07-24T09:54:12.548+0000] {dagbag.py:545} INFO - Filling up the DagBag from /opt/airflow/dags/welcome_dag.py
[2024-07-24T09:54:12.559+0000] {processor.py:840} INFO - DAG(s) 'welcome_ais_dag' retrieved from /opt/airflow/dags/welcome_dag.py
[2024-07-24T09:54:12.573+0000] {logging_mixin.py:188} INFO - [2024-07-24T09:54:12.573+0000] {dag.py:3089} INFO - Sync 1 DAGs
[2024-07-24T09:54:12.582+0000] {logging_mixin.py:188} INFO - [2024-07-24T09:54:12.582+0000] {dag.py:3947} INFO - Setting next_dagrun for welcome_ais_dag to 2024-07-23 11:00:00+00:00, run_after=2024-07-24 11:00:00+00:00
[2024-07-24T09:54:12.592+0000] {processor.py:183} INFO - Processing /opt/airflow/dags/welcome_dag.py took 0.053 seconds
[2024-07-24T09:54:42.664+0000] {processor.py:161} INFO - Started process (PID=104) to work on /opt/airflow/dags/welcome_dag.py
[2024-07-24T09:54:42.665+0000] {processor.py:830} INFO - Processing file /opt/airflow/dags/welcome_dag.py for tasks to queue
[2024-07-24T09:54:42.667+0000] {logging_mixin.py:188} INFO - [2024-07-24T09:54:42.666+0000] {dagbag.py:545} INFO - Filling up the DagBag from /opt/airflow/dags/welcome_dag.py
[2024-07-24T09:54:42.679+0000] {processor.py:840} INFO - DAG(s) 'welcome_ais_dag' retrieved from /opt/airflow/dags/welcome_dag.py
[2024-07-24T09:54:42.693+0000] {logging_mixin.py:188} INFO - [2024-07-24T09:54:42.693+0000] {dag.py:3089} INFO - Sync 1 DAGs
[2024-07-24T09:54:42.703+0000] {logging_mixin.py:188} INFO - [2024-07-24T09:54:42.703+0000] {dag.py:3947} INFO - Setting next_dagrun for welcome_ais_dag to 2024-07-23 11:00:00+00:00, run_after=2024-07-24 11:00:00+00:00
[2024-07-24T09:54:42.714+0000] {processor.py:183} INFO - Processing /opt/airflow/dags/welcome_dag.py took 0.056 seconds
[2024-07-24T09:55:12.798+0000] {processor.py:161} INFO - Started process (PID=105) to work on /opt/airflow/dags/welcome_dag.py
[2024-07-24T09:55:12.799+0000] {processor.py:830} INFO - Processing file /opt/airflow/dags/welcome_dag.py for tasks to queue
[2024-07-24T09:55:12.800+0000] {logging_mixin.py:188} INFO - [2024-07-24T09:55:12.800+0000] {dagbag.py:545} INFO - Filling up the DagBag from /opt/airflow/dags/welcome_dag.py
[2024-07-24T09:55:12.812+0000] {processor.py:840} INFO - DAG(s) 'welcome_ais_dag' retrieved from /opt/airflow/dags/welcome_dag.py
[2024-07-24T09:55:12.828+0000] {logging_mixin.py:188} INFO - [2024-07-24T09:55:12.828+0000] {dag.py:3089} INFO - Sync 1 DAGs
[2024-07-24T09:55:12.836+0000] {logging_mixin.py:188} INFO - [2024-07-24T09:55:12.836+0000] {dag.py:3947} INFO - Setting next_dagrun for welcome_ais_dag to 2024-07-23 11:00:00+00:00, run_after=2024-07-24 11:00:00+00:00
[2024-07-24T09:55:12.846+0000] {processor.py:183} INFO - Processing /opt/airflow/dags/welcome_dag.py took 0.053 seconds
[2024-07-24T09:55:42.937+0000] {processor.py:161} INFO - Started process (PID=106) to work on /opt/airflow/dags/welcome_dag.py
[2024-07-24T09:55:42.938+0000] {processor.py:830} INFO - Processing file /opt/airflow/dags/welcome_dag.py for tasks to queue
[2024-07-24T09:55:42.940+0000] {logging_mixin.py:188} INFO - [2024-07-24T09:55:42.940+0000] {dagbag.py:545} INFO - Filling up the DagBag from /opt/airflow/dags/welcome_dag.py
[2024-07-24T09:55:42.951+0000] {processor.py:840} INFO - DAG(s) 'welcome_ais_dag' retrieved from /opt/airflow/dags/welcome_dag.py
[2024-07-24T09:55:42.966+0000] {logging_mixin.py:188} INFO - [2024-07-24T09:55:42.966+0000] {dag.py:3089} INFO - Sync 1 DAGs
[2024-07-24T09:55:42.976+0000] {logging_mixin.py:188} INFO - [2024-07-24T09:55:42.976+0000] {dag.py:3947} INFO - Setting next_dagrun for welcome_ais_dag to 2024-07-23 11:00:00+00:00, run_after=2024-07-24 11:00:00+00:00
[2024-07-24T09:55:42.987+0000] {processor.py:183} INFO - Processing /opt/airflow/dags/welcome_dag.py took 0.055 seconds
[2024-07-24T09:56:14.077+0000] {processor.py:161} INFO - Started process (PID=107) to work on /opt/airflow/dags/welcome_dag.py
[2024-07-24T09:56:14.077+0000] {processor.py:830} INFO - Processing file /opt/airflow/dags/welcome_dag.py for tasks to queue
[2024-07-24T09:56:14.078+0000] {logging_mixin.py:188} INFO - [2024-07-24T09:56:14.078+0000] {dagbag.py:545} INFO - Filling up the DagBag from /opt/airflow/dags/welcome_dag.py
[2024-07-24T09:56:14.087+0000] {processor.py:840} INFO - DAG(s) 'welcome_ais_dag' retrieved from /opt/airflow/dags/welcome_dag.py
[2024-07-24T09:56:14.101+0000] {logging_mixin.py:188} INFO - [2024-07-24T09:56:14.101+0000] {dag.py:3089} INFO - Sync 1 DAGs
[2024-07-24T09:56:14.111+0000] {logging_mixin.py:188} INFO - [2024-07-24T09:56:14.111+0000] {dag.py:3947} INFO - Setting next_dagrun for welcome_ais_dag to 2024-07-23 11:00:00+00:00, run_after=2024-07-24 11:00:00+00:00
[2024-07-24T09:56:14.122+0000] {processor.py:183} INFO - Processing /opt/airflow/dags/welcome_dag.py took 0.049 seconds
[2024-07-24T09:56:17.573+0000] {processor.py:161} INFO - Started process (PID=108) to work on /opt/airflow/dags/welcome_dag.py
[2024-07-24T09:56:17.574+0000] {processor.py:830} INFO - Processing file /opt/airflow/dags/welcome_dag.py for tasks to queue
[2024-07-24T09:56:17.575+0000] {logging_mixin.py:188} INFO - [2024-07-24T09:56:17.575+0000] {dagbag.py:545} INFO - Filling up the DagBag from /opt/airflow/dags/welcome_dag.py
[2024-07-24T09:56:17.585+0000] {processor.py:840} INFO - DAG(s) 'welcome_ais_dag' retrieved from /opt/airflow/dags/welcome_dag.py
[2024-07-24T09:56:17.599+0000] {logging_mixin.py:188} INFO - [2024-07-24T09:56:17.599+0000] {dag.py:3089} INFO - Sync 1 DAGs
[2024-07-24T09:56:17.609+0000] {logging_mixin.py:188} INFO - [2024-07-24T09:56:17.609+0000] {dag.py:3947} INFO - Setting next_dagrun for welcome_ais_dag to 2024-07-23 11:00:00+00:00, run_after=2024-07-24 11:00:00+00:00
[2024-07-24T09:56:17.619+0000] {processor.py:183} INFO - Processing /opt/airflow/dags/welcome_dag.py took 0.050 seconds
[2024-07-24T09:56:47.896+0000] {processor.py:161} INFO - Started process (PID=109) to work on /opt/airflow/dags/welcome_dag.py
[2024-07-24T09:56:47.896+0000] {processor.py:830} INFO - Processing file /opt/airflow/dags/welcome_dag.py for tasks to queue
[2024-07-24T09:56:47.898+0000] {logging_mixin.py:188} INFO - [2024-07-24T09:56:47.898+0000] {dagbag.py:545} INFO - Filling up the DagBag from /opt/airflow/dags/welcome_dag.py
[2024-07-24T09:56:47.910+0000] {processor.py:840} INFO - DAG(s) 'welcome_ais_dag' retrieved from /opt/airflow/dags/welcome_dag.py
[2024-07-24T09:56:47.925+0000] {logging_mixin.py:188} INFO - [2024-07-24T09:56:47.925+0000] {dag.py:3089} INFO - Sync 1 DAGs
[2024-07-24T09:56:47.934+0000] {logging_mixin.py:188} INFO - [2024-07-24T09:56:47.934+0000] {dag.py:3947} INFO - Setting next_dagrun for welcome_ais_dag to 2024-07-23 11:00:00+00:00, run_after=2024-07-24 11:00:00+00:00
[2024-07-24T09:56:47.944+0000] {processor.py:183} INFO - Processing /opt/airflow/dags/welcome_dag.py took 0.054 seconds
[2024-07-24T09:57:18.142+0000] {processor.py:161} INFO - Started process (PID=110) to work on /opt/airflow/dags/welcome_dag.py
[2024-07-24T09:57:18.143+0000] {processor.py:830} INFO - Processing file /opt/airflow/dags/welcome_dag.py for tasks to queue
[2024-07-24T09:57:18.144+0000] {logging_mixin.py:188} INFO - [2024-07-24T09:57:18.144+0000] {dagbag.py:545} INFO - Filling up the DagBag from /opt/airflow/dags/welcome_dag.py
[2024-07-24T09:57:18.163+0000] {processor.py:840} INFO - DAG(s) 'welcome_ais_dag' retrieved from /opt/airflow/dags/welcome_dag.py
[2024-07-24T09:57:18.184+0000] {logging_mixin.py:188} INFO - [2024-07-24T09:57:18.184+0000] {dag.py:3089} INFO - Sync 1 DAGs
[2024-07-24T09:57:18.192+0000] {logging_mixin.py:188} INFO - [2024-07-24T09:57:18.192+0000] {dag.py:3947} INFO - Setting next_dagrun for welcome_ais_dag to 2024-07-23 11:00:00+00:00, run_after=2024-07-24 11:00:00+00:00
[2024-07-24T09:57:18.202+0000] {processor.py:183} INFO - Processing /opt/airflow/dags/welcome_dag.py took 0.065 seconds
