[2024-07-23T14:11:20.485+0000] {local_task_job_runner.py:120} INFO - ::group::Pre task execution logs
[2024-07-23T14:11:20.494+0000] {taskinstance.py:2076} INFO - Dependencies all met for dep_context=non-requeueable deps ti=<TaskInstance: welcome_ais_dag.print_weather scheduled__2024-07-22T11:00:00+00:00 [queued]>
[2024-07-23T14:11:20.496+0000] {taskinstance.py:2076} INFO - Dependencies all met for dep_context=requeueable deps ti=<TaskInstance: welcome_ais_dag.print_weather scheduled__2024-07-22T11:00:00+00:00 [queued]>
[2024-07-23T14:11:20.496+0000] {taskinstance.py:2306} INFO - Starting attempt 5 of 5
[2024-07-23T14:11:20.503+0000] {taskinstance.py:2330} INFO - Executing <Task(PythonOperator): print_weather> on 2024-07-22 11:00:00+00:00
[2024-07-23T14:11:20.504+0000] {standard_task_runner.py:64} INFO - Started process 201 to run task
[2024-07-23T14:11:20.505+0000] {standard_task_runner.py:90} INFO - Running: ['airflow', 'tasks', 'run', 'welcome_ais_dag', 'print_weather', 'scheduled__2024-07-22T11:00:00+00:00', '--job-id', '26', '--raw', '--subdir', 'DAGS_FOLDER/welcome_dag.py', '--cfg-path', '/tmp/tmpppi55emy']
[2024-07-23T14:11:20.506+0000] {standard_task_runner.py:91} INFO - Job 26: Subtask print_weather
[2024-07-23T14:11:20.527+0000] {task_command.py:426} INFO - Running <TaskInstance: welcome_ais_dag.print_weather scheduled__2024-07-22T11:00:00+00:00 [running]> on host 3ca61712785c
[2024-07-23T14:11:20.557+0000] {taskinstance.py:2648} INFO - Exporting env vars: AIRFLOW_CTX_DAG_OWNER='airflow' AIRFLOW_CTX_DAG_ID='welcome_ais_dag' AIRFLOW_CTX_TASK_ID='print_weather' AIRFLOW_CTX_EXECUTION_DATE='2024-07-22T11:00:00+00:00' AIRFLOW_CTX_TRY_NUMBER='5' AIRFLOW_CTX_DAG_RUN_ID='scheduled__2024-07-22T11:00:00+00:00'
[2024-07-23T14:11:20.558+0000] {taskinstance.py:430} INFO - ::endgroup::
[2024-07-23T14:11:20.723+0000] {taskinstance.py:441} INFO - ::group::Post task execution logs
[2024-07-23T14:11:20.724+0000] {taskinstance.py:2905} ERROR - Task failed with exception
Traceback (most recent call last):
  File "/home/airflow/.local/lib/python3.12/site-packages/airflow/models/taskinstance.py", line 465, in _execute_task
    result = _execute_callable(context=context, **execute_callable_kwargs)
             ^^^^^^^^^^^^^^^^^^^^^^^^^^^^^^^^^^^^^^^^^^^^^^^^^^^^^^^^^^^^^
  File "/home/airflow/.local/lib/python3.12/site-packages/airflow/models/taskinstance.py", line 432, in _execute_callable
    return execute_callable(context=context, **execute_callable_kwargs)
           ^^^^^^^^^^^^^^^^^^^^^^^^^^^^^^^^^^^^^^^^^^^^^^^^^^^^^^^^^^^^
  File "/home/airflow/.local/lib/python3.12/site-packages/airflow/models/baseoperator.py", line 401, in wrapper
    return func(self, *args, **kwargs)
           ^^^^^^^^^^^^^^^^^^^^^^^^^^^
  File "/home/airflow/.local/lib/python3.12/site-packages/airflow/operators/python.py", line 235, in execute
    return_value = self.execute_callable()
                   ^^^^^^^^^^^^^^^^^^^^^^^
  File "/home/airflow/.local/lib/python3.12/site-packages/airflow/operators/python.py", line 252, in execute_callable
    return self.python_callable(*self.op_args, **self.op_kwargs)
           ^^^^^^^^^^^^^^^^^^^^^^^^^^^^^^^^^^^^^^^^^^^^^^^^^^^^^
  File "/opt/airflow/dags/welcome_dag.py", line 24, in print_weather
    print('AIS' + location)
          ~~~~~~^~~~~~~~~~
TypeError: can only concatenate str (not "dict") to str
[2024-07-23T14:11:20.730+0000] {taskinstance.py:1206} INFO - Marking task as FAILED. dag_id=welcome_ais_dag, task_id=print_weather, run_id=scheduled__2024-07-22T11:00:00+00:00, execution_date=20240722T110000, start_date=20240723T141120, end_date=20240723T141120
[2024-07-23T14:11:20.745+0000] {standard_task_runner.py:110} ERROR - Failed to execute job 26 for task print_weather (can only concatenate str (not "dict") to str; 201)
[2024-07-23T14:11:20.783+0000] {local_task_job_runner.py:243} INFO - Task exited with return code 1
[2024-07-23T14:11:20.792+0000] {taskinstance.py:3503} INFO - 0 downstream tasks scheduled from follow-on schedule check
[2024-07-23T14:11:20.793+0000] {local_task_job_runner.py:222} INFO - ::endgroup::
