[2024-07-22T10:21:50.491+0000] {processor.py:161} INFO - Started process (PID=83) to work on /opt/airflow/dags/welcome_dag.py
[2024-07-22T10:21:50.492+0000] {processor.py:830} INFO - Processing file /opt/airflow/dags/welcome_dag.py for tasks to queue
[2024-07-22T10:21:50.494+0000] {logging_mixin.py:188} INFO - [2024-07-22T10:21:50.493+0000] {dagbag.py:545} INFO - Filling up the DagBag from /opt/airflow/dags/welcome_dag.py
[2024-07-22T10:21:50.517+0000] {processor.py:840} INFO - DAG(s) 'welcome_dag' retrieved from /opt/airflow/dags/welcome_dag.py
[2024-07-22T10:21:50.573+0000] {logging_mixin.py:188} INFO - [2024-07-22T10:21:50.573+0000] {override.py:1858} INFO - Created Permission View: can read on DAG:welcome_dag
[2024-07-22T10:21:50.577+0000] {logging_mixin.py:188} INFO - [2024-07-22T10:21:50.577+0000] {override.py:1858} INFO - Created Permission View: can edit on DAG:welcome_dag
[2024-07-22T10:21:50.581+0000] {logging_mixin.py:188} INFO - [2024-07-22T10:21:50.581+0000] {override.py:1858} INFO - Created Permission View: can delete on DAG:welcome_dag
[2024-07-22T10:21:50.582+0000] {logging_mixin.py:188} INFO - [2024-07-22T10:21:50.582+0000] {dag.py:3089} INFO - Sync 1 DAGs
[2024-07-22T10:21:50.589+0000] {logging_mixin.py:188} INFO - [2024-07-22T10:21:50.589+0000] {dag.py:3111} INFO - Creating ORM DAG for welcome_dag
[2024-07-22T10:21:50.594+0000] {logging_mixin.py:188} INFO - [2024-07-22T10:21:50.594+0000] {dag.py:3947} INFO - Setting next_dagrun for welcome_dag to 2024-07-21 23:00:00+00:00, run_after=2024-07-22 23:00:00+00:00
[2024-07-22T10:21:50.602+0000] {processor.py:183} INFO - Processing /opt/airflow/dags/welcome_dag.py took 0.117 seconds
[2024-07-22T10:22:20.978+0000] {processor.py:161} INFO - Started process (PID=84) to work on /opt/airflow/dags/welcome_dag.py
[2024-07-22T10:22:20.980+0000] {processor.py:830} INFO - Processing file /opt/airflow/dags/welcome_dag.py for tasks to queue
[2024-07-22T10:22:20.981+0000] {logging_mixin.py:188} INFO - [2024-07-22T10:22:20.981+0000] {dagbag.py:545} INFO - Filling up the DagBag from /opt/airflow/dags/welcome_dag.py
[2024-07-22T10:22:20.993+0000] {processor.py:840} INFO - DAG(s) 'welcome_dag' retrieved from /opt/airflow/dags/welcome_dag.py
[2024-07-22T10:22:21.006+0000] {logging_mixin.py:188} INFO - [2024-07-22T10:22:21.006+0000] {dag.py:3089} INFO - Sync 1 DAGs
[2024-07-22T10:22:21.015+0000] {logging_mixin.py:188} INFO - [2024-07-22T10:22:21.015+0000] {dag.py:3947} INFO - Setting next_dagrun for welcome_dag to 2024-07-21 23:00:00+00:00, run_after=2024-07-22 23:00:00+00:00
[2024-07-22T10:22:21.024+0000] {processor.py:183} INFO - Processing /opt/airflow/dags/welcome_dag.py took 0.054 seconds
[2024-07-22T10:22:31.089+0000] {processor.py:161} INFO - Started process (PID=85) to work on /opt/airflow/dags/welcome_dag.py
[2024-07-22T10:22:31.090+0000] {processor.py:830} INFO - Processing file /opt/airflow/dags/welcome_dag.py for tasks to queue
[2024-07-22T10:22:31.091+0000] {logging_mixin.py:188} INFO - [2024-07-22T10:22:31.091+0000] {dagbag.py:545} INFO - Filling up the DagBag from /opt/airflow/dags/welcome_dag.py
[2024-07-22T10:22:31.104+0000] {processor.py:840} INFO - DAG(s) 'welcome_ais_dag' retrieved from /opt/airflow/dags/welcome_dag.py
[2024-07-22T10:22:31.151+0000] {logging_mixin.py:188} INFO - [2024-07-22T10:22:31.151+0000] {override.py:1858} INFO - Created Permission View: can read on DAG:welcome_ais_dag
[2024-07-22T10:22:31.156+0000] {logging_mixin.py:188} INFO - [2024-07-22T10:22:31.156+0000] {override.py:1858} INFO - Created Permission View: can edit on DAG:welcome_ais_dag
[2024-07-22T10:22:31.160+0000] {logging_mixin.py:188} INFO - [2024-07-22T10:22:31.160+0000] {override.py:1858} INFO - Created Permission View: can delete on DAG:welcome_ais_dag
[2024-07-22T10:22:31.160+0000] {logging_mixin.py:188} INFO - [2024-07-22T10:22:31.160+0000] {dag.py:3089} INFO - Sync 1 DAGs
[2024-07-22T10:22:31.164+0000] {logging_mixin.py:188} INFO - [2024-07-22T10:22:31.164+0000] {dag.py:3111} INFO - Creating ORM DAG for welcome_ais_dag
[2024-07-22T10:22:31.167+0000] {logging_mixin.py:188} INFO - [2024-07-22T10:22:31.167+0000] {dag.py:3947} INFO - Setting next_dagrun for welcome_ais_dag to 2024-07-21 23:00:00+00:00, run_after=2024-07-22 23:00:00+00:00
[2024-07-22T10:22:31.175+0000] {processor.py:183} INFO - Processing /opt/airflow/dags/welcome_dag.py took 0.092 seconds
[2024-07-22T10:23:01.437+0000] {processor.py:161} INFO - Started process (PID=86) to work on /opt/airflow/dags/welcome_dag.py
[2024-07-22T10:23:01.438+0000] {processor.py:830} INFO - Processing file /opt/airflow/dags/welcome_dag.py for tasks to queue
[2024-07-22T10:23:01.440+0000] {logging_mixin.py:188} INFO - [2024-07-22T10:23:01.439+0000] {dagbag.py:545} INFO - Filling up the DagBag from /opt/airflow/dags/welcome_dag.py
[2024-07-22T10:23:01.452+0000] {processor.py:840} INFO - DAG(s) 'welcome_ais_dag' retrieved from /opt/airflow/dags/welcome_dag.py
[2024-07-22T10:23:01.468+0000] {logging_mixin.py:188} INFO - [2024-07-22T10:23:01.468+0000] {dag.py:3089} INFO - Sync 1 DAGs
[2024-07-22T10:23:01.478+0000] {logging_mixin.py:188} INFO - [2024-07-22T10:23:01.478+0000] {dag.py:3947} INFO - Setting next_dagrun for welcome_ais_dag to 2024-07-21 23:00:00+00:00, run_after=2024-07-22 23:00:00+00:00
[2024-07-22T10:23:01.487+0000] {processor.py:183} INFO - Processing /opt/airflow/dags/welcome_dag.py took 0.057 seconds
[2024-07-22T10:23:31.758+0000] {processor.py:161} INFO - Started process (PID=87) to work on /opt/airflow/dags/welcome_dag.py
[2024-07-22T10:23:31.759+0000] {processor.py:830} INFO - Processing file /opt/airflow/dags/welcome_dag.py for tasks to queue
[2024-07-22T10:23:31.760+0000] {logging_mixin.py:188} INFO - [2024-07-22T10:23:31.760+0000] {dagbag.py:545} INFO - Filling up the DagBag from /opt/airflow/dags/welcome_dag.py
[2024-07-22T10:23:31.773+0000] {processor.py:840} INFO - DAG(s) 'welcome_ais_dag' retrieved from /opt/airflow/dags/welcome_dag.py
[2024-07-22T10:23:31.788+0000] {logging_mixin.py:188} INFO - [2024-07-22T10:23:31.788+0000] {dag.py:3089} INFO - Sync 1 DAGs
[2024-07-22T10:23:31.798+0000] {logging_mixin.py:188} INFO - [2024-07-22T10:23:31.798+0000] {dag.py:3947} INFO - Setting next_dagrun for welcome_ais_dag to 2024-07-21 23:00:00+00:00, run_after=2024-07-22 23:00:00+00:00
[2024-07-22T10:23:31.808+0000] {processor.py:183} INFO - Processing /opt/airflow/dags/welcome_dag.py took 0.055 seconds
[2024-07-22T10:24:02.640+0000] {processor.py:161} INFO - Started process (PID=124) to work on /opt/airflow/dags/welcome_dag.py
[2024-07-22T10:24:02.640+0000] {processor.py:830} INFO - Processing file /opt/airflow/dags/welcome_dag.py for tasks to queue
[2024-07-22T10:24:02.641+0000] {logging_mixin.py:188} INFO - [2024-07-22T10:24:02.641+0000] {dagbag.py:545} INFO - Filling up the DagBag from /opt/airflow/dags/welcome_dag.py
[2024-07-22T10:24:02.651+0000] {processor.py:840} INFO - DAG(s) 'welcome_ais_dag' retrieved from /opt/airflow/dags/welcome_dag.py
[2024-07-22T10:24:02.663+0000] {logging_mixin.py:188} INFO - [2024-07-22T10:24:02.663+0000] {dag.py:3089} INFO - Sync 1 DAGs
[2024-07-22T10:24:02.671+0000] {logging_mixin.py:188} INFO - [2024-07-22T10:24:02.671+0000] {dag.py:3947} INFO - Setting next_dagrun for welcome_ais_dag to 2024-07-21 23:00:00+00:00, run_after=2024-07-22 23:00:00+00:00
[2024-07-22T10:24:02.681+0000] {processor.py:183} INFO - Processing /opt/airflow/dags/welcome_dag.py took 0.045 seconds
[2024-07-22T10:24:32.977+0000] {processor.py:161} INFO - Started process (PID=125) to work on /opt/airflow/dags/welcome_dag.py
[2024-07-22T10:24:32.978+0000] {processor.py:830} INFO - Processing file /opt/airflow/dags/welcome_dag.py for tasks to queue
[2024-07-22T10:24:32.979+0000] {logging_mixin.py:188} INFO - [2024-07-22T10:24:32.978+0000] {dagbag.py:545} INFO - Filling up the DagBag from /opt/airflow/dags/welcome_dag.py
[2024-07-22T10:24:32.991+0000] {processor.py:840} INFO - DAG(s) 'welcome_ais_dag' retrieved from /opt/airflow/dags/welcome_dag.py
[2024-07-22T10:24:33.004+0000] {logging_mixin.py:188} INFO - [2024-07-22T10:24:33.004+0000] {dag.py:3089} INFO - Sync 1 DAGs
[2024-07-22T10:24:33.013+0000] {logging_mixin.py:188} INFO - [2024-07-22T10:24:33.013+0000] {dag.py:3947} INFO - Setting next_dagrun for welcome_ais_dag to 2024-07-21 23:00:00+00:00, run_after=2024-07-22 23:00:00+00:00
[2024-07-22T10:24:33.023+0000] {processor.py:183} INFO - Processing /opt/airflow/dags/welcome_dag.py took 0.051 seconds
[2024-07-22T10:25:03.366+0000] {processor.py:161} INFO - Started process (PID=126) to work on /opt/airflow/dags/welcome_dag.py
[2024-07-22T10:25:03.367+0000] {processor.py:830} INFO - Processing file /opt/airflow/dags/welcome_dag.py for tasks to queue
[2024-07-22T10:25:03.368+0000] {logging_mixin.py:188} INFO - [2024-07-22T10:25:03.368+0000] {dagbag.py:545} INFO - Filling up the DagBag from /opt/airflow/dags/welcome_dag.py
[2024-07-22T10:25:03.381+0000] {processor.py:840} INFO - DAG(s) 'welcome_ais_dag' retrieved from /opt/airflow/dags/welcome_dag.py
[2024-07-22T10:25:03.399+0000] {logging_mixin.py:188} INFO - [2024-07-22T10:25:03.399+0000] {dag.py:3089} INFO - Sync 1 DAGs
[2024-07-22T10:25:03.410+0000] {logging_mixin.py:188} INFO - [2024-07-22T10:25:03.410+0000] {dag.py:3947} INFO - Setting next_dagrun for welcome_ais_dag to 2024-07-21 23:00:00+00:00, run_after=2024-07-22 23:00:00+00:00
[2024-07-22T10:25:03.423+0000] {processor.py:183} INFO - Processing /opt/airflow/dags/welcome_dag.py took 0.063 seconds
[2024-07-22T10:25:33.675+0000] {processor.py:161} INFO - Started process (PID=127) to work on /opt/airflow/dags/welcome_dag.py
[2024-07-22T10:25:33.676+0000] {processor.py:830} INFO - Processing file /opt/airflow/dags/welcome_dag.py for tasks to queue
[2024-07-22T10:25:33.677+0000] {logging_mixin.py:188} INFO - [2024-07-22T10:25:33.677+0000] {dagbag.py:545} INFO - Filling up the DagBag from /opt/airflow/dags/welcome_dag.py
[2024-07-22T10:25:33.694+0000] {processor.py:840} INFO - DAG(s) 'welcome_ais_dag' retrieved from /opt/airflow/dags/welcome_dag.py
[2024-07-22T10:25:33.710+0000] {logging_mixin.py:188} INFO - [2024-07-22T10:25:33.710+0000] {dag.py:3089} INFO - Sync 1 DAGs
[2024-07-22T10:25:33.720+0000] {logging_mixin.py:188} INFO - [2024-07-22T10:25:33.720+0000] {dag.py:3947} INFO - Setting next_dagrun for welcome_ais_dag to 2024-07-21 23:00:00+00:00, run_after=2024-07-22 23:00:00+00:00
[2024-07-22T10:25:33.731+0000] {processor.py:183} INFO - Processing /opt/airflow/dags/welcome_dag.py took 0.062 seconds
[2024-07-22T10:26:04.011+0000] {processor.py:161} INFO - Started process (PID=128) to work on /opt/airflow/dags/welcome_dag.py
[2024-07-22T10:26:04.011+0000] {processor.py:830} INFO - Processing file /opt/airflow/dags/welcome_dag.py for tasks to queue
[2024-07-22T10:26:04.012+0000] {logging_mixin.py:188} INFO - [2024-07-22T10:26:04.012+0000] {dagbag.py:545} INFO - Filling up the DagBag from /opt/airflow/dags/welcome_dag.py
[2024-07-22T10:26:04.024+0000] {processor.py:840} INFO - DAG(s) 'welcome_ais_dag' retrieved from /opt/airflow/dags/welcome_dag.py
[2024-07-22T10:26:04.038+0000] {logging_mixin.py:188} INFO - [2024-07-22T10:26:04.038+0000] {dag.py:3089} INFO - Sync 1 DAGs
[2024-07-22T10:26:04.048+0000] {logging_mixin.py:188} INFO - [2024-07-22T10:26:04.047+0000] {dag.py:3947} INFO - Setting next_dagrun for welcome_ais_dag to 2024-07-21 23:00:00+00:00, run_after=2024-07-22 23:00:00+00:00
[2024-07-22T10:26:04.057+0000] {processor.py:183} INFO - Processing /opt/airflow/dags/welcome_dag.py took 0.052 seconds
[2024-07-22T10:26:34.319+0000] {processor.py:161} INFO - Started process (PID=129) to work on /opt/airflow/dags/welcome_dag.py
[2024-07-22T10:26:34.320+0000] {processor.py:830} INFO - Processing file /opt/airflow/dags/welcome_dag.py for tasks to queue
[2024-07-22T10:26:34.320+0000] {logging_mixin.py:188} INFO - [2024-07-22T10:26:34.320+0000] {dagbag.py:545} INFO - Filling up the DagBag from /opt/airflow/dags/welcome_dag.py
[2024-07-22T10:26:34.331+0000] {processor.py:840} INFO - DAG(s) 'welcome_ais_dag' retrieved from /opt/airflow/dags/welcome_dag.py
[2024-07-22T10:26:34.344+0000] {logging_mixin.py:188} INFO - [2024-07-22T10:26:34.344+0000] {dag.py:3089} INFO - Sync 1 DAGs
[2024-07-22T10:26:34.353+0000] {logging_mixin.py:188} INFO - [2024-07-22T10:26:34.353+0000] {dag.py:3947} INFO - Setting next_dagrun for welcome_ais_dag to 2024-07-21 23:00:00+00:00, run_after=2024-07-22 23:00:00+00:00
[2024-07-22T10:26:34.364+0000] {processor.py:183} INFO - Processing /opt/airflow/dags/welcome_dag.py took 0.049 seconds
[2024-07-22T10:27:04.663+0000] {processor.py:161} INFO - Started process (PID=130) to work on /opt/airflow/dags/welcome_dag.py
[2024-07-22T10:27:04.664+0000] {processor.py:830} INFO - Processing file /opt/airflow/dags/welcome_dag.py for tasks to queue
[2024-07-22T10:27:04.664+0000] {logging_mixin.py:188} INFO - [2024-07-22T10:27:04.664+0000] {dagbag.py:545} INFO - Filling up the DagBag from /opt/airflow/dags/welcome_dag.py
[2024-07-22T10:27:04.677+0000] {processor.py:840} INFO - DAG(s) 'welcome_ais_dag' retrieved from /opt/airflow/dags/welcome_dag.py
[2024-07-22T10:27:04.694+0000] {logging_mixin.py:188} INFO - [2024-07-22T10:27:04.694+0000] {dag.py:3089} INFO - Sync 1 DAGs
[2024-07-22T10:27:04.703+0000] {logging_mixin.py:188} INFO - [2024-07-22T10:27:04.703+0000] {dag.py:3947} INFO - Setting next_dagrun for welcome_ais_dag to 2024-07-21 23:00:00+00:00, run_after=2024-07-22 23:00:00+00:00
[2024-07-22T10:27:04.713+0000] {processor.py:183} INFO - Processing /opt/airflow/dags/welcome_dag.py took 0.056 seconds
[2024-07-22T10:27:34.929+0000] {processor.py:161} INFO - Started process (PID=131) to work on /opt/airflow/dags/welcome_dag.py
[2024-07-22T10:27:34.930+0000] {processor.py:830} INFO - Processing file /opt/airflow/dags/welcome_dag.py for tasks to queue
[2024-07-22T10:27:34.931+0000] {logging_mixin.py:188} INFO - [2024-07-22T10:27:34.930+0000] {dagbag.py:545} INFO - Filling up the DagBag from /opt/airflow/dags/welcome_dag.py
[2024-07-22T10:27:34.941+0000] {processor.py:840} INFO - DAG(s) 'welcome_ais_dag' retrieved from /opt/airflow/dags/welcome_dag.py
[2024-07-22T10:27:34.955+0000] {logging_mixin.py:188} INFO - [2024-07-22T10:27:34.955+0000] {dag.py:3089} INFO - Sync 1 DAGs
[2024-07-22T10:27:34.964+0000] {logging_mixin.py:188} INFO - [2024-07-22T10:27:34.964+0000] {dag.py:3947} INFO - Setting next_dagrun for welcome_ais_dag to 2024-07-21 23:00:00+00:00, run_after=2024-07-22 23:00:00+00:00
[2024-07-22T10:27:34.977+0000] {processor.py:183} INFO - Processing /opt/airflow/dags/welcome_dag.py took 0.052 seconds
[2024-07-22T10:28:05.299+0000] {processor.py:161} INFO - Started process (PID=132) to work on /opt/airflow/dags/welcome_dag.py
[2024-07-22T10:28:05.299+0000] {processor.py:830} INFO - Processing file /opt/airflow/dags/welcome_dag.py for tasks to queue
[2024-07-22T10:28:05.300+0000] {logging_mixin.py:188} INFO - [2024-07-22T10:28:05.300+0000] {dagbag.py:545} INFO - Filling up the DagBag from /opt/airflow/dags/welcome_dag.py
[2024-07-22T10:28:05.314+0000] {processor.py:840} INFO - DAG(s) 'welcome_ais_dag' retrieved from /opt/airflow/dags/welcome_dag.py
[2024-07-22T10:28:05.328+0000] {logging_mixin.py:188} INFO - [2024-07-22T10:28:05.328+0000] {dag.py:3089} INFO - Sync 1 DAGs
[2024-07-22T10:28:05.336+0000] {logging_mixin.py:188} INFO - [2024-07-22T10:28:05.336+0000] {dag.py:3947} INFO - Setting next_dagrun for welcome_ais_dag to 2024-07-21 23:00:00+00:00, run_after=2024-07-22 23:00:00+00:00
[2024-07-22T10:28:05.346+0000] {processor.py:183} INFO - Processing /opt/airflow/dags/welcome_dag.py took 0.054 seconds
[2024-07-22T10:28:35.551+0000] {processor.py:161} INFO - Started process (PID=133) to work on /opt/airflow/dags/welcome_dag.py
[2024-07-22T10:28:35.552+0000] {processor.py:830} INFO - Processing file /opt/airflow/dags/welcome_dag.py for tasks to queue
[2024-07-22T10:28:35.552+0000] {logging_mixin.py:188} INFO - [2024-07-22T10:28:35.552+0000] {dagbag.py:545} INFO - Filling up the DagBag from /opt/airflow/dags/welcome_dag.py
[2024-07-22T10:28:35.564+0000] {processor.py:840} INFO - DAG(s) 'welcome_ais_dag' retrieved from /opt/airflow/dags/welcome_dag.py
[2024-07-22T10:28:35.576+0000] {logging_mixin.py:188} INFO - [2024-07-22T10:28:35.576+0000] {dag.py:3089} INFO - Sync 1 DAGs
[2024-07-22T10:28:35.585+0000] {logging_mixin.py:188} INFO - [2024-07-22T10:28:35.585+0000] {dag.py:3947} INFO - Setting next_dagrun for welcome_ais_dag to 2024-07-21 23:00:00+00:00, run_after=2024-07-22 23:00:00+00:00
[2024-07-22T10:28:35.596+0000] {processor.py:183} INFO - Processing /opt/airflow/dags/welcome_dag.py took 0.050 seconds
[2024-07-22T10:29:05.867+0000] {processor.py:161} INFO - Started process (PID=134) to work on /opt/airflow/dags/welcome_dag.py
[2024-07-22T10:29:05.867+0000] {processor.py:830} INFO - Processing file /opt/airflow/dags/welcome_dag.py for tasks to queue
[2024-07-22T10:29:05.868+0000] {logging_mixin.py:188} INFO - [2024-07-22T10:29:05.868+0000] {dagbag.py:545} INFO - Filling up the DagBag from /opt/airflow/dags/welcome_dag.py
[2024-07-22T10:29:05.880+0000] {processor.py:840} INFO - DAG(s) 'welcome_ais_dag' retrieved from /opt/airflow/dags/welcome_dag.py
[2024-07-22T10:29:05.893+0000] {logging_mixin.py:188} INFO - [2024-07-22T10:29:05.893+0000] {dag.py:3089} INFO - Sync 1 DAGs
[2024-07-22T10:29:05.902+0000] {logging_mixin.py:188} INFO - [2024-07-22T10:29:05.902+0000] {dag.py:3947} INFO - Setting next_dagrun for welcome_ais_dag to 2024-07-21 23:00:00+00:00, run_after=2024-07-22 23:00:00+00:00
[2024-07-22T10:29:05.912+0000] {processor.py:183} INFO - Processing /opt/airflow/dags/welcome_dag.py took 0.051 seconds
[2024-07-22T10:29:36.186+0000] {processor.py:161} INFO - Started process (PID=135) to work on /opt/airflow/dags/welcome_dag.py
[2024-07-22T10:29:36.187+0000] {processor.py:830} INFO - Processing file /opt/airflow/dags/welcome_dag.py for tasks to queue
[2024-07-22T10:29:36.188+0000] {logging_mixin.py:188} INFO - [2024-07-22T10:29:36.187+0000] {dagbag.py:545} INFO - Filling up the DagBag from /opt/airflow/dags/welcome_dag.py
[2024-07-22T10:29:36.200+0000] {processor.py:840} INFO - DAG(s) 'welcome_ais_dag' retrieved from /opt/airflow/dags/welcome_dag.py
[2024-07-22T10:29:36.216+0000] {logging_mixin.py:188} INFO - [2024-07-22T10:29:36.216+0000] {dag.py:3089} INFO - Sync 1 DAGs
[2024-07-22T10:29:36.225+0000] {logging_mixin.py:188} INFO - [2024-07-22T10:29:36.225+0000] {dag.py:3947} INFO - Setting next_dagrun for welcome_ais_dag to 2024-07-21 23:00:00+00:00, run_after=2024-07-22 23:00:00+00:00
[2024-07-22T10:29:36.237+0000] {processor.py:183} INFO - Processing /opt/airflow/dags/welcome_dag.py took 0.056 seconds
[2024-07-22T10:30:06.492+0000] {processor.py:161} INFO - Started process (PID=136) to work on /opt/airflow/dags/welcome_dag.py
[2024-07-22T10:30:06.493+0000] {processor.py:830} INFO - Processing file /opt/airflow/dags/welcome_dag.py for tasks to queue
[2024-07-22T10:30:06.494+0000] {logging_mixin.py:188} INFO - [2024-07-22T10:30:06.494+0000] {dagbag.py:545} INFO - Filling up the DagBag from /opt/airflow/dags/welcome_dag.py
[2024-07-22T10:30:06.506+0000] {processor.py:840} INFO - DAG(s) 'welcome_ais_dag' retrieved from /opt/airflow/dags/welcome_dag.py
[2024-07-22T10:30:06.520+0000] {logging_mixin.py:188} INFO - [2024-07-22T10:30:06.520+0000] {dag.py:3089} INFO - Sync 1 DAGs
[2024-07-22T10:30:06.529+0000] {logging_mixin.py:188} INFO - [2024-07-22T10:30:06.529+0000] {dag.py:3947} INFO - Setting next_dagrun for welcome_ais_dag to 2024-07-21 23:00:00+00:00, run_after=2024-07-22 23:00:00+00:00
[2024-07-22T10:30:06.539+0000] {processor.py:183} INFO - Processing /opt/airflow/dags/welcome_dag.py took 0.051 seconds
[2024-07-22T10:30:36.824+0000] {processor.py:161} INFO - Started process (PID=137) to work on /opt/airflow/dags/welcome_dag.py
[2024-07-22T10:30:36.825+0000] {processor.py:830} INFO - Processing file /opt/airflow/dags/welcome_dag.py for tasks to queue
[2024-07-22T10:30:36.826+0000] {logging_mixin.py:188} INFO - [2024-07-22T10:30:36.826+0000] {dagbag.py:545} INFO - Filling up the DagBag from /opt/airflow/dags/welcome_dag.py
[2024-07-22T10:30:36.838+0000] {processor.py:840} INFO - DAG(s) 'welcome_ais_dag' retrieved from /opt/airflow/dags/welcome_dag.py
[2024-07-22T10:30:36.852+0000] {logging_mixin.py:188} INFO - [2024-07-22T10:30:36.852+0000] {dag.py:3089} INFO - Sync 1 DAGs
[2024-07-22T10:30:36.862+0000] {logging_mixin.py:188} INFO - [2024-07-22T10:30:36.862+0000] {dag.py:3947} INFO - Setting next_dagrun for welcome_ais_dag to 2024-07-21 23:00:00+00:00, run_after=2024-07-22 23:00:00+00:00
[2024-07-22T10:30:36.872+0000] {processor.py:183} INFO - Processing /opt/airflow/dags/welcome_dag.py took 0.052 seconds
[2024-07-22T10:31:07.008+0000] {processor.py:161} INFO - Started process (PID=138) to work on /opt/airflow/dags/welcome_dag.py
[2024-07-22T10:31:07.009+0000] {processor.py:830} INFO - Processing file /opt/airflow/dags/welcome_dag.py for tasks to queue
[2024-07-22T10:31:07.010+0000] {logging_mixin.py:188} INFO - [2024-07-22T10:31:07.010+0000] {dagbag.py:545} INFO - Filling up the DagBag from /opt/airflow/dags/welcome_dag.py
[2024-07-22T10:31:07.022+0000] {processor.py:840} INFO - DAG(s) 'welcome_ais_dag' retrieved from /opt/airflow/dags/welcome_dag.py
[2024-07-22T10:31:07.036+0000] {logging_mixin.py:188} INFO - [2024-07-22T10:31:07.036+0000] {dag.py:3089} INFO - Sync 1 DAGs
[2024-07-22T10:31:07.045+0000] {logging_mixin.py:188} INFO - [2024-07-22T10:31:07.045+0000] {dag.py:3947} INFO - Setting next_dagrun for welcome_ais_dag to 2024-07-21 23:00:00+00:00, run_after=2024-07-22 23:00:00+00:00
[2024-07-22T10:31:07.055+0000] {processor.py:183} INFO - Processing /opt/airflow/dags/welcome_dag.py took 0.051 seconds
[2024-07-22T10:31:37.256+0000] {processor.py:161} INFO - Started process (PID=139) to work on /opt/airflow/dags/welcome_dag.py
[2024-07-22T10:31:37.256+0000] {processor.py:830} INFO - Processing file /opt/airflow/dags/welcome_dag.py for tasks to queue
[2024-07-22T10:31:37.257+0000] {logging_mixin.py:188} INFO - [2024-07-22T10:31:37.257+0000] {dagbag.py:545} INFO - Filling up the DagBag from /opt/airflow/dags/welcome_dag.py
[2024-07-22T10:31:37.268+0000] {processor.py:840} INFO - DAG(s) 'welcome_ais_dag' retrieved from /opt/airflow/dags/welcome_dag.py
[2024-07-22T10:31:37.283+0000] {logging_mixin.py:188} INFO - [2024-07-22T10:31:37.282+0000] {dag.py:3089} INFO - Sync 1 DAGs
[2024-07-22T10:31:37.291+0000] {logging_mixin.py:188} INFO - [2024-07-22T10:31:37.291+0000] {dag.py:3947} INFO - Setting next_dagrun for welcome_ais_dag to 2024-07-21 23:00:00+00:00, run_after=2024-07-22 23:00:00+00:00
[2024-07-22T10:31:37.302+0000] {processor.py:183} INFO - Processing /opt/airflow/dags/welcome_dag.py took 0.051 seconds
[2024-07-22T10:32:07.479+0000] {processor.py:161} INFO - Started process (PID=140) to work on /opt/airflow/dags/welcome_dag.py
[2024-07-22T10:32:07.480+0000] {processor.py:830} INFO - Processing file /opt/airflow/dags/welcome_dag.py for tasks to queue
[2024-07-22T10:32:07.481+0000] {logging_mixin.py:188} INFO - [2024-07-22T10:32:07.480+0000] {dagbag.py:545} INFO - Filling up the DagBag from /opt/airflow/dags/welcome_dag.py
[2024-07-22T10:32:07.493+0000] {processor.py:840} INFO - DAG(s) 'welcome_ais_dag' retrieved from /opt/airflow/dags/welcome_dag.py
[2024-07-22T10:32:07.507+0000] {logging_mixin.py:188} INFO - [2024-07-22T10:32:07.507+0000] {dag.py:3089} INFO - Sync 1 DAGs
[2024-07-22T10:32:07.516+0000] {logging_mixin.py:188} INFO - [2024-07-22T10:32:07.516+0000] {dag.py:3947} INFO - Setting next_dagrun for welcome_ais_dag to 2024-07-21 23:00:00+00:00, run_after=2024-07-22 23:00:00+00:00
[2024-07-22T10:32:07.526+0000] {processor.py:183} INFO - Processing /opt/airflow/dags/welcome_dag.py took 0.052 seconds
[2024-07-22T10:32:37.722+0000] {processor.py:161} INFO - Started process (PID=141) to work on /opt/airflow/dags/welcome_dag.py
[2024-07-22T10:32:37.723+0000] {processor.py:830} INFO - Processing file /opt/airflow/dags/welcome_dag.py for tasks to queue
[2024-07-22T10:32:37.724+0000] {logging_mixin.py:188} INFO - [2024-07-22T10:32:37.724+0000] {dagbag.py:545} INFO - Filling up the DagBag from /opt/airflow/dags/welcome_dag.py
[2024-07-22T10:32:37.736+0000] {processor.py:840} INFO - DAG(s) 'welcome_ais_dag' retrieved from /opt/airflow/dags/welcome_dag.py
[2024-07-22T10:32:37.750+0000] {logging_mixin.py:188} INFO - [2024-07-22T10:32:37.750+0000] {dag.py:3089} INFO - Sync 1 DAGs
[2024-07-22T10:32:37.758+0000] {logging_mixin.py:188} INFO - [2024-07-22T10:32:37.758+0000] {dag.py:3947} INFO - Setting next_dagrun for welcome_ais_dag to 2024-07-21 23:00:00+00:00, run_after=2024-07-22 23:00:00+00:00
[2024-07-22T10:32:37.768+0000] {processor.py:183} INFO - Processing /opt/airflow/dags/welcome_dag.py took 0.050 seconds
[2024-07-22T10:33:07.963+0000] {processor.py:161} INFO - Started process (PID=142) to work on /opt/airflow/dags/welcome_dag.py
[2024-07-22T10:33:07.964+0000] {processor.py:830} INFO - Processing file /opt/airflow/dags/welcome_dag.py for tasks to queue
[2024-07-22T10:33:07.965+0000] {logging_mixin.py:188} INFO - [2024-07-22T10:33:07.965+0000] {dagbag.py:545} INFO - Filling up the DagBag from /opt/airflow/dags/welcome_dag.py
[2024-07-22T10:33:07.977+0000] {processor.py:840} INFO - DAG(s) 'welcome_ais_dag' retrieved from /opt/airflow/dags/welcome_dag.py
[2024-07-22T10:33:07.990+0000] {logging_mixin.py:188} INFO - [2024-07-22T10:33:07.990+0000] {dag.py:3089} INFO - Sync 1 DAGs
[2024-07-22T10:33:07.999+0000] {logging_mixin.py:188} INFO - [2024-07-22T10:33:07.999+0000] {dag.py:3947} INFO - Setting next_dagrun for welcome_ais_dag to 2024-07-21 23:00:00+00:00, run_after=2024-07-22 23:00:00+00:00
[2024-07-22T10:33:08.009+0000] {processor.py:183} INFO - Processing /opt/airflow/dags/welcome_dag.py took 0.051 seconds
[2024-07-22T10:33:38.209+0000] {processor.py:161} INFO - Started process (PID=143) to work on /opt/airflow/dags/welcome_dag.py
[2024-07-22T10:33:38.209+0000] {processor.py:830} INFO - Processing file /opt/airflow/dags/welcome_dag.py for tasks to queue
[2024-07-22T10:33:38.210+0000] {logging_mixin.py:188} INFO - [2024-07-22T10:33:38.210+0000] {dagbag.py:545} INFO - Filling up the DagBag from /opt/airflow/dags/welcome_dag.py
[2024-07-22T10:33:38.222+0000] {processor.py:840} INFO - DAG(s) 'welcome_ais_dag' retrieved from /opt/airflow/dags/welcome_dag.py
[2024-07-22T10:33:38.236+0000] {logging_mixin.py:188} INFO - [2024-07-22T10:33:38.236+0000] {dag.py:3089} INFO - Sync 1 DAGs
[2024-07-22T10:33:38.244+0000] {logging_mixin.py:188} INFO - [2024-07-22T10:33:38.244+0000] {dag.py:3947} INFO - Setting next_dagrun for welcome_ais_dag to 2024-07-21 23:00:00+00:00, run_after=2024-07-22 23:00:00+00:00
[2024-07-22T10:33:38.255+0000] {processor.py:183} INFO - Processing /opt/airflow/dags/welcome_dag.py took 0.051 seconds
[2024-07-22T10:34:08.449+0000] {processor.py:161} INFO - Started process (PID=144) to work on /opt/airflow/dags/welcome_dag.py
[2024-07-22T10:34:08.450+0000] {processor.py:830} INFO - Processing file /opt/airflow/dags/welcome_dag.py for tasks to queue
[2024-07-22T10:34:08.450+0000] {logging_mixin.py:188} INFO - [2024-07-22T10:34:08.450+0000] {dagbag.py:545} INFO - Filling up the DagBag from /opt/airflow/dags/welcome_dag.py
[2024-07-22T10:34:08.462+0000] {processor.py:840} INFO - DAG(s) 'welcome_ais_dag' retrieved from /opt/airflow/dags/welcome_dag.py
[2024-07-22T10:34:08.476+0000] {logging_mixin.py:188} INFO - [2024-07-22T10:34:08.476+0000] {dag.py:3089} INFO - Sync 1 DAGs
[2024-07-22T10:34:08.484+0000] {logging_mixin.py:188} INFO - [2024-07-22T10:34:08.484+0000] {dag.py:3947} INFO - Setting next_dagrun for welcome_ais_dag to 2024-07-21 23:00:00+00:00, run_after=2024-07-22 23:00:00+00:00
[2024-07-22T10:34:08.495+0000] {processor.py:183} INFO - Processing /opt/airflow/dags/welcome_dag.py took 0.052 seconds
[2024-07-22T10:34:38.692+0000] {processor.py:161} INFO - Started process (PID=145) to work on /opt/airflow/dags/welcome_dag.py
[2024-07-22T10:34:38.693+0000] {processor.py:830} INFO - Processing file /opt/airflow/dags/welcome_dag.py for tasks to queue
[2024-07-22T10:34:38.694+0000] {logging_mixin.py:188} INFO - [2024-07-22T10:34:38.694+0000] {dagbag.py:545} INFO - Filling up the DagBag from /opt/airflow/dags/welcome_dag.py
[2024-07-22T10:34:38.705+0000] {processor.py:840} INFO - DAG(s) 'welcome_ais_dag' retrieved from /opt/airflow/dags/welcome_dag.py
[2024-07-22T10:34:38.718+0000] {logging_mixin.py:188} INFO - [2024-07-22T10:34:38.718+0000] {dag.py:3089} INFO - Sync 1 DAGs
[2024-07-22T10:34:38.728+0000] {logging_mixin.py:188} INFO - [2024-07-22T10:34:38.727+0000] {dag.py:3947} INFO - Setting next_dagrun for welcome_ais_dag to 2024-07-21 23:00:00+00:00, run_after=2024-07-22 23:00:00+00:00
[2024-07-22T10:34:38.737+0000] {processor.py:183} INFO - Processing /opt/airflow/dags/welcome_dag.py took 0.049 seconds
[2024-07-22T10:35:08.939+0000] {processor.py:161} INFO - Started process (PID=146) to work on /opt/airflow/dags/welcome_dag.py
[2024-07-22T10:35:08.940+0000] {processor.py:830} INFO - Processing file /opt/airflow/dags/welcome_dag.py for tasks to queue
[2024-07-22T10:35:08.941+0000] {logging_mixin.py:188} INFO - [2024-07-22T10:35:08.940+0000] {dagbag.py:545} INFO - Filling up the DagBag from /opt/airflow/dags/welcome_dag.py
[2024-07-22T10:35:08.953+0000] {processor.py:840} INFO - DAG(s) 'welcome_ais_dag' retrieved from /opt/airflow/dags/welcome_dag.py
[2024-07-22T10:35:08.966+0000] {logging_mixin.py:188} INFO - [2024-07-22T10:35:08.966+0000] {dag.py:3089} INFO - Sync 1 DAGs
[2024-07-22T10:35:08.975+0000] {logging_mixin.py:188} INFO - [2024-07-22T10:35:08.975+0000] {dag.py:3947} INFO - Setting next_dagrun for welcome_ais_dag to 2024-07-21 23:00:00+00:00, run_after=2024-07-22 23:00:00+00:00
[2024-07-22T10:35:08.986+0000] {processor.py:183} INFO - Processing /opt/airflow/dags/welcome_dag.py took 0.052 seconds
[2024-07-22T10:35:39.158+0000] {processor.py:161} INFO - Started process (PID=147) to work on /opt/airflow/dags/welcome_dag.py
[2024-07-22T10:35:39.159+0000] {processor.py:830} INFO - Processing file /opt/airflow/dags/welcome_dag.py for tasks to queue
[2024-07-22T10:35:39.160+0000] {logging_mixin.py:188} INFO - [2024-07-22T10:35:39.159+0000] {dagbag.py:545} INFO - Filling up the DagBag from /opt/airflow/dags/welcome_dag.py
[2024-07-22T10:35:39.168+0000] {processor.py:840} INFO - DAG(s) 'welcome_ais_dag' retrieved from /opt/airflow/dags/welcome_dag.py
[2024-07-22T10:35:39.178+0000] {logging_mixin.py:188} INFO - [2024-07-22T10:35:39.178+0000] {dag.py:3089} INFO - Sync 1 DAGs
[2024-07-22T10:35:39.186+0000] {logging_mixin.py:188} INFO - [2024-07-22T10:35:39.186+0000] {dag.py:3947} INFO - Setting next_dagrun for welcome_ais_dag to 2024-07-21 23:00:00+00:00, run_after=2024-07-22 23:00:00+00:00
[2024-07-22T10:35:39.196+0000] {processor.py:183} INFO - Processing /opt/airflow/dags/welcome_dag.py took 0.040 seconds
[2024-07-22T10:36:09.394+0000] {processor.py:161} INFO - Started process (PID=148) to work on /opt/airflow/dags/welcome_dag.py
[2024-07-22T10:36:09.395+0000] {processor.py:830} INFO - Processing file /opt/airflow/dags/welcome_dag.py for tasks to queue
[2024-07-22T10:36:09.396+0000] {logging_mixin.py:188} INFO - [2024-07-22T10:36:09.395+0000] {dagbag.py:545} INFO - Filling up the DagBag from /opt/airflow/dags/welcome_dag.py
[2024-07-22T10:36:09.408+0000] {processor.py:840} INFO - DAG(s) 'welcome_ais_dag' retrieved from /opt/airflow/dags/welcome_dag.py
[2024-07-22T10:36:09.422+0000] {logging_mixin.py:188} INFO - [2024-07-22T10:36:09.422+0000] {dag.py:3089} INFO - Sync 1 DAGs
[2024-07-22T10:36:09.430+0000] {logging_mixin.py:188} INFO - [2024-07-22T10:36:09.430+0000] {dag.py:3947} INFO - Setting next_dagrun for welcome_ais_dag to 2024-07-21 23:00:00+00:00, run_after=2024-07-22 23:00:00+00:00
[2024-07-22T10:36:09.441+0000] {processor.py:183} INFO - Processing /opt/airflow/dags/welcome_dag.py took 0.052 seconds
[2024-07-22T10:36:39.544+0000] {processor.py:161} INFO - Started process (PID=149) to work on /opt/airflow/dags/welcome_dag.py
[2024-07-22T10:36:39.545+0000] {processor.py:830} INFO - Processing file /opt/airflow/dags/welcome_dag.py for tasks to queue
[2024-07-22T10:36:39.546+0000] {logging_mixin.py:188} INFO - [2024-07-22T10:36:39.545+0000] {dagbag.py:545} INFO - Filling up the DagBag from /opt/airflow/dags/welcome_dag.py
[2024-07-22T10:36:39.557+0000] {processor.py:840} INFO - DAG(s) 'welcome_ais_dag' retrieved from /opt/airflow/dags/welcome_dag.py
[2024-07-22T10:36:39.570+0000] {logging_mixin.py:188} INFO - [2024-07-22T10:36:39.570+0000] {dag.py:3089} INFO - Sync 1 DAGs
[2024-07-22T10:36:39.579+0000] {logging_mixin.py:188} INFO - [2024-07-22T10:36:39.579+0000] {dag.py:3947} INFO - Setting next_dagrun for welcome_ais_dag to 2024-07-21 23:00:00+00:00, run_after=2024-07-22 23:00:00+00:00
[2024-07-22T10:36:39.590+0000] {processor.py:183} INFO - Processing /opt/airflow/dags/welcome_dag.py took 0.050 seconds
[2024-07-22T10:37:09.776+0000] {processor.py:161} INFO - Started process (PID=150) to work on /opt/airflow/dags/welcome_dag.py
[2024-07-22T10:37:09.777+0000] {processor.py:830} INFO - Processing file /opt/airflow/dags/welcome_dag.py for tasks to queue
[2024-07-22T10:37:09.778+0000] {logging_mixin.py:188} INFO - [2024-07-22T10:37:09.778+0000] {dagbag.py:545} INFO - Filling up the DagBag from /opt/airflow/dags/welcome_dag.py
[2024-07-22T10:37:09.789+0000] {processor.py:840} INFO - DAG(s) 'welcome_ais_dag' retrieved from /opt/airflow/dags/welcome_dag.py
[2024-07-22T10:37:09.803+0000] {logging_mixin.py:188} INFO - [2024-07-22T10:37:09.803+0000] {dag.py:3089} INFO - Sync 1 DAGs
[2024-07-22T10:37:09.812+0000] {logging_mixin.py:188} INFO - [2024-07-22T10:37:09.812+0000] {dag.py:3947} INFO - Setting next_dagrun for welcome_ais_dag to 2024-07-21 23:00:00+00:00, run_after=2024-07-22 23:00:00+00:00
[2024-07-22T10:37:09.822+0000] {processor.py:183} INFO - Processing /opt/airflow/dags/welcome_dag.py took 0.050 seconds
[2024-07-22T10:37:39.975+0000] {processor.py:161} INFO - Started process (PID=151) to work on /opt/airflow/dags/welcome_dag.py
[2024-07-22T10:37:39.976+0000] {processor.py:830} INFO - Processing file /opt/airflow/dags/welcome_dag.py for tasks to queue
[2024-07-22T10:37:39.977+0000] {logging_mixin.py:188} INFO - [2024-07-22T10:37:39.977+0000] {dagbag.py:545} INFO - Filling up the DagBag from /opt/airflow/dags/welcome_dag.py
[2024-07-22T10:37:39.988+0000] {processor.py:840} INFO - DAG(s) 'welcome_ais_dag' retrieved from /opt/airflow/dags/welcome_dag.py
[2024-07-22T10:37:40.002+0000] {logging_mixin.py:188} INFO - [2024-07-22T10:37:40.002+0000] {dag.py:3089} INFO - Sync 1 DAGs
[2024-07-22T10:37:40.011+0000] {logging_mixin.py:188} INFO - [2024-07-22T10:37:40.011+0000] {dag.py:3947} INFO - Setting next_dagrun for welcome_ais_dag to 2024-07-21 23:00:00+00:00, run_after=2024-07-22 23:00:00+00:00
[2024-07-22T10:37:40.021+0000] {processor.py:183} INFO - Processing /opt/airflow/dags/welcome_dag.py took 0.050 seconds
[2024-07-22T10:38:10.189+0000] {processor.py:161} INFO - Started process (PID=152) to work on /opt/airflow/dags/welcome_dag.py
[2024-07-22T10:38:10.190+0000] {processor.py:830} INFO - Processing file /opt/airflow/dags/welcome_dag.py for tasks to queue
[2024-07-22T10:38:10.191+0000] {logging_mixin.py:188} INFO - [2024-07-22T10:38:10.190+0000] {dagbag.py:545} INFO - Filling up the DagBag from /opt/airflow/dags/welcome_dag.py
[2024-07-22T10:38:10.202+0000] {processor.py:840} INFO - DAG(s) 'welcome_ais_dag' retrieved from /opt/airflow/dags/welcome_dag.py
[2024-07-22T10:38:10.215+0000] {logging_mixin.py:188} INFO - [2024-07-22T10:38:10.215+0000] {dag.py:3089} INFO - Sync 1 DAGs
[2024-07-22T10:38:10.225+0000] {logging_mixin.py:188} INFO - [2024-07-22T10:38:10.225+0000] {dag.py:3947} INFO - Setting next_dagrun for welcome_ais_dag to 2024-07-21 23:00:00+00:00, run_after=2024-07-22 23:00:00+00:00
[2024-07-22T10:38:10.236+0000] {processor.py:183} INFO - Processing /opt/airflow/dags/welcome_dag.py took 0.051 seconds
[2024-07-22T10:38:40.396+0000] {processor.py:161} INFO - Started process (PID=153) to work on /opt/airflow/dags/welcome_dag.py
[2024-07-22T10:38:40.397+0000] {processor.py:830} INFO - Processing file /opt/airflow/dags/welcome_dag.py for tasks to queue
[2024-07-22T10:38:40.398+0000] {logging_mixin.py:188} INFO - [2024-07-22T10:38:40.397+0000] {dagbag.py:545} INFO - Filling up the DagBag from /opt/airflow/dags/welcome_dag.py
[2024-07-22T10:38:40.409+0000] {processor.py:840} INFO - DAG(s) 'welcome_ais_dag' retrieved from /opt/airflow/dags/welcome_dag.py
[2024-07-22T10:38:40.423+0000] {logging_mixin.py:188} INFO - [2024-07-22T10:38:40.422+0000] {dag.py:3089} INFO - Sync 1 DAGs
[2024-07-22T10:38:40.432+0000] {logging_mixin.py:188} INFO - [2024-07-22T10:38:40.431+0000] {dag.py:3947} INFO - Setting next_dagrun for welcome_ais_dag to 2024-07-21 23:00:00+00:00, run_after=2024-07-22 23:00:00+00:00
[2024-07-22T10:38:40.441+0000] {processor.py:183} INFO - Processing /opt/airflow/dags/welcome_dag.py took 0.050 seconds
[2024-07-22T10:39:10.590+0000] {processor.py:161} INFO - Started process (PID=154) to work on /opt/airflow/dags/welcome_dag.py
[2024-07-22T10:39:10.591+0000] {processor.py:830} INFO - Processing file /opt/airflow/dags/welcome_dag.py for tasks to queue
[2024-07-22T10:39:10.592+0000] {logging_mixin.py:188} INFO - [2024-07-22T10:39:10.592+0000] {dagbag.py:545} INFO - Filling up the DagBag from /opt/airflow/dags/welcome_dag.py
[2024-07-22T10:39:10.603+0000] {processor.py:840} INFO - DAG(s) 'welcome_ais_dag' retrieved from /opt/airflow/dags/welcome_dag.py
[2024-07-22T10:39:10.617+0000] {logging_mixin.py:188} INFO - [2024-07-22T10:39:10.617+0000] {dag.py:3089} INFO - Sync 1 DAGs
[2024-07-22T10:39:10.626+0000] {logging_mixin.py:188} INFO - [2024-07-22T10:39:10.626+0000] {dag.py:3947} INFO - Setting next_dagrun for welcome_ais_dag to 2024-07-21 23:00:00+00:00, run_after=2024-07-22 23:00:00+00:00
[2024-07-22T10:39:10.635+0000] {processor.py:183} INFO - Processing /opt/airflow/dags/welcome_dag.py took 0.049 seconds
[2024-07-22T10:39:40.807+0000] {processor.py:161} INFO - Started process (PID=155) to work on /opt/airflow/dags/welcome_dag.py
[2024-07-22T10:39:40.808+0000] {processor.py:830} INFO - Processing file /opt/airflow/dags/welcome_dag.py for tasks to queue
[2024-07-22T10:39:40.809+0000] {logging_mixin.py:188} INFO - [2024-07-22T10:39:40.809+0000] {dagbag.py:545} INFO - Filling up the DagBag from /opt/airflow/dags/welcome_dag.py
[2024-07-22T10:39:40.820+0000] {processor.py:840} INFO - DAG(s) 'welcome_ais_dag' retrieved from /opt/airflow/dags/welcome_dag.py
[2024-07-22T10:39:40.834+0000] {logging_mixin.py:188} INFO - [2024-07-22T10:39:40.834+0000] {dag.py:3089} INFO - Sync 1 DAGs
[2024-07-22T10:39:40.843+0000] {logging_mixin.py:188} INFO - [2024-07-22T10:39:40.843+0000] {dag.py:3947} INFO - Setting next_dagrun for welcome_ais_dag to 2024-07-21 23:00:00+00:00, run_after=2024-07-22 23:00:00+00:00
[2024-07-22T10:39:40.853+0000] {processor.py:183} INFO - Processing /opt/airflow/dags/welcome_dag.py took 0.051 seconds
[2024-07-22T10:40:11.009+0000] {processor.py:161} INFO - Started process (PID=156) to work on /opt/airflow/dags/welcome_dag.py
[2024-07-22T10:40:11.010+0000] {processor.py:830} INFO - Processing file /opt/airflow/dags/welcome_dag.py for tasks to queue
[2024-07-22T10:40:11.011+0000] {logging_mixin.py:188} INFO - [2024-07-22T10:40:11.011+0000] {dagbag.py:545} INFO - Filling up the DagBag from /opt/airflow/dags/welcome_dag.py
[2024-07-22T10:40:11.023+0000] {processor.py:840} INFO - DAG(s) 'welcome_ais_dag' retrieved from /opt/airflow/dags/welcome_dag.py
[2024-07-22T10:40:11.038+0000] {logging_mixin.py:188} INFO - [2024-07-22T10:40:11.038+0000] {dag.py:3089} INFO - Sync 1 DAGs
[2024-07-22T10:40:11.046+0000] {logging_mixin.py:188} INFO - [2024-07-22T10:40:11.046+0000] {dag.py:3947} INFO - Setting next_dagrun for welcome_ais_dag to 2024-07-21 23:00:00+00:00, run_after=2024-07-22 23:00:00+00:00
[2024-07-22T10:40:11.056+0000] {processor.py:183} INFO - Processing /opt/airflow/dags/welcome_dag.py took 0.051 seconds
[2024-07-22T10:40:41.222+0000] {processor.py:161} INFO - Started process (PID=157) to work on /opt/airflow/dags/welcome_dag.py
[2024-07-22T10:40:41.223+0000] {processor.py:830} INFO - Processing file /opt/airflow/dags/welcome_dag.py for tasks to queue
[2024-07-22T10:40:41.223+0000] {logging_mixin.py:188} INFO - [2024-07-22T10:40:41.223+0000] {dagbag.py:545} INFO - Filling up the DagBag from /opt/airflow/dags/welcome_dag.py
[2024-07-22T10:40:41.235+0000] {processor.py:840} INFO - DAG(s) 'welcome_ais_dag' retrieved from /opt/airflow/dags/welcome_dag.py
[2024-07-22T10:40:41.249+0000] {logging_mixin.py:188} INFO - [2024-07-22T10:40:41.249+0000] {dag.py:3089} INFO - Sync 1 DAGs
[2024-07-22T10:40:41.259+0000] {logging_mixin.py:188} INFO - [2024-07-22T10:40:41.259+0000] {dag.py:3947} INFO - Setting next_dagrun for welcome_ais_dag to 2024-07-21 23:00:00+00:00, run_after=2024-07-22 23:00:00+00:00
[2024-07-22T10:40:41.276+0000] {processor.py:183} INFO - Processing /opt/airflow/dags/welcome_dag.py took 0.059 seconds
[2024-07-22T10:41:11.434+0000] {processor.py:161} INFO - Started process (PID=158) to work on /opt/airflow/dags/welcome_dag.py
[2024-07-22T10:41:11.435+0000] {processor.py:830} INFO - Processing file /opt/airflow/dags/welcome_dag.py for tasks to queue
[2024-07-22T10:41:11.436+0000] {logging_mixin.py:188} INFO - [2024-07-22T10:41:11.436+0000] {dagbag.py:545} INFO - Filling up the DagBag from /opt/airflow/dags/welcome_dag.py
[2024-07-22T10:41:11.447+0000] {processor.py:840} INFO - DAG(s) 'welcome_ais_dag' retrieved from /opt/airflow/dags/welcome_dag.py
[2024-07-22T10:41:11.461+0000] {logging_mixin.py:188} INFO - [2024-07-22T10:41:11.461+0000] {dag.py:3089} INFO - Sync 1 DAGs
[2024-07-22T10:41:11.469+0000] {logging_mixin.py:188} INFO - [2024-07-22T10:41:11.469+0000] {dag.py:3947} INFO - Setting next_dagrun for welcome_ais_dag to 2024-07-21 23:00:00+00:00, run_after=2024-07-22 23:00:00+00:00
[2024-07-22T10:41:11.479+0000] {processor.py:183} INFO - Processing /opt/airflow/dags/welcome_dag.py took 0.050 seconds
[2024-07-22T10:56:28.632+0000] {processor.py:161} INFO - Started process (PID=159) to work on /opt/airflow/dags/welcome_dag.py
[2024-07-22T10:56:28.633+0000] {processor.py:830} INFO - Processing file /opt/airflow/dags/welcome_dag.py for tasks to queue
[2024-07-22T10:56:28.634+0000] {logging_mixin.py:188} INFO - [2024-07-22T10:56:28.634+0000] {dagbag.py:545} INFO - Filling up the DagBag from /opt/airflow/dags/welcome_dag.py
[2024-07-22T10:56:28.643+0000] {processor.py:840} INFO - DAG(s) 'welcome_ais_dag' retrieved from /opt/airflow/dags/welcome_dag.py
[2024-07-22T10:56:28.654+0000] {logging_mixin.py:188} INFO - [2024-07-22T10:56:28.654+0000] {dag.py:3089} INFO - Sync 1 DAGs
[2024-07-22T10:56:28.662+0000] {logging_mixin.py:188} INFO - [2024-07-22T10:56:28.662+0000] {dag.py:3947} INFO - Setting next_dagrun for welcome_ais_dag to 2024-07-21 23:00:00+00:00, run_after=2024-07-22 23:00:00+00:00
[2024-07-22T10:56:28.672+0000] {processor.py:183} INFO - Processing /opt/airflow/dags/welcome_dag.py took 0.043 seconds
[2024-07-22T15:32:29.715+0000] {processor.py:161} INFO - Started process (PID=60) to work on /opt/airflow/dags/welcome_dag.py
[2024-07-22T15:32:29.716+0000] {processor.py:830} INFO - Processing file /opt/airflow/dags/welcome_dag.py for tasks to queue
[2024-07-22T15:32:29.718+0000] {logging_mixin.py:188} INFO - [2024-07-22T15:32:29.718+0000] {dagbag.py:545} INFO - Filling up the DagBag from /opt/airflow/dags/welcome_dag.py
[2024-07-22T15:32:29.725+0000] {processor.py:840} INFO - DAG(s) 'welcome_ais_dag' retrieved from /opt/airflow/dags/welcome_dag.py
[2024-07-22T15:32:29.730+0000] {logging_mixin.py:188} INFO - [2024-07-22T15:32:29.729+0000] {dag.py:3089} INFO - Sync 1 DAGs
[2024-07-22T15:32:29.739+0000] {logging_mixin.py:188} INFO - [2024-07-22T15:32:29.738+0000] {dag.py:3947} INFO - Setting next_dagrun for welcome_ais_dag to 2024-07-21 23:00:00+00:00, run_after=2024-07-22 23:00:00+00:00
[2024-07-22T15:32:29.748+0000] {processor.py:183} INFO - Processing /opt/airflow/dags/welcome_dag.py took 0.038 seconds
[2024-07-22T15:32:59.846+0000] {processor.py:161} INFO - Started process (PID=95) to work on /opt/airflow/dags/welcome_dag.py
[2024-07-22T15:32:59.847+0000] {processor.py:830} INFO - Processing file /opt/airflow/dags/welcome_dag.py for tasks to queue
[2024-07-22T15:32:59.848+0000] {logging_mixin.py:188} INFO - [2024-07-22T15:32:59.848+0000] {dagbag.py:545} INFO - Filling up the DagBag from /opt/airflow/dags/welcome_dag.py
[2024-07-22T15:32:59.860+0000] {processor.py:840} INFO - DAG(s) 'welcome_ais_dag' retrieved from /opt/airflow/dags/welcome_dag.py
[2024-07-22T15:32:59.910+0000] {logging_mixin.py:188} INFO - [2024-07-22T15:32:59.910+0000] {dag.py:3089} INFO - Sync 1 DAGs
[2024-07-22T15:32:59.917+0000] {logging_mixin.py:188} INFO - [2024-07-22T15:32:59.917+0000] {dag.py:3947} INFO - Setting next_dagrun for welcome_ais_dag to 2024-07-21 23:00:00+00:00, run_after=2024-07-22 23:00:00+00:00
[2024-07-22T15:32:59.926+0000] {processor.py:183} INFO - Processing /opt/airflow/dags/welcome_dag.py took 0.086 seconds
